
 Parameters inputfile = cmd_input_mesa.dat
opening cmd_input_mesa.dat
RGB mass loss is default Reimers with eta=0.0000
LPV periods as in Marigo et al. 2008

Default solar properties: 
Teff = 5780.960 K
Dnu = (135.100+-0.000) uHz; nu_max = (3140.000+-0.000) uHz

RGB mass loss changed to Reimers with eta=0.2000
Minimum mass for mass loss changed to 1.8000 Msun
Maximum mass for mass loss changed to 1.9000 Msun
LPV periods changed to Trabucchi
Teff_sun changed to (5776.0000+-0.0000) K
Dnu_sun changed to (136.100+-0.000) uHz

File tab_mag_odfnew/tab_mag_apokasc.datopening tab_mag_odfnew/tab_mag_apokasc.dat

 Reading 7 O-rich BC tables.
opening bc_odfnew/apokasc/bc_m25.dat
opening bc_odfnew/apokasc/bc_m20.dat
opening bc_odfnew/apokasc/bc_m15.dat
opening bc_odfnew/apokasc/bc_m10.dat
opening bc_odfnew/apokasc/bc_m05.dat
opening bc_odfnew/apokasc/bc_p00.dat
opening bc_odfnew/apokasc/bc_p05.dat
 Reading also 7 C-rich BC tables.
opening bc_odfnew/apokasc/bcc_m25.dat
opening bc_odfnew/apokasc/bcc_m20.dat
opening bc_odfnew/apokasc/bcc_m15.dat
opening bc_odfnew/apokasc/bcc_m10.dat
opening bc_odfnew/apokasc/bcc_m05.dat
opening bc_odfnew/apokasc/bcc_p00.dat
opening bc_odfnew/apokasc/bcc_p05.dat
opening isotrack/mesa/bassazams_fasulla.dat
opening isotrack/isotrack_fasullo.dat
opening isotrack/isotrack_fasullo.dat
opening isotrack/mesa/MESA_KS_DB.dat
0.001760 0.250270 -1.000000
opening isotrack/mesa/MESA_KS_DB/ptcri_ovh0.20.ovhe0.50.z0.00176.y0.25027.LOW
opening isotrack/mesa/MESA_KS_DB/ptcri_ovh0.20.ovhe0.50.z0.00176.y0.25027.HB
opening isotrack/mesa/MESA_KS_DB/ptcri_ovh0.20.ovhe0.50.z0.00176.y0.25027.INT
0.003120 0.251640 -0.750000
opening isotrack/mesa/MESA_KS_DB/ptcri_ovh0.20.ovhe0.50.z0.00312.y0.25164.LOW
opening isotrack/mesa/MESA_KS_DB/ptcri_ovh0.20.ovhe0.50.z0.00312.y0.25164.HB
opening isotrack/mesa/MESA_KS_DB/ptcri_ovh0.20.ovhe0.50.z0.00312.y0.25164.INT
0.005550 0.254090 -0.500000
opening isotrack/mesa/MESA_KS_DB/ptcri_ovh0.20.ovhe0.50.z0.00555.y0.25409.LOW
opening isotrack/mesa/MESA_KS_DB/ptcri_ovh0.20.ovhe0.50.z0.00555.y0.25409.HB
opening isotrack/mesa/MESA_KS_DB/ptcri_ovh0.20.ovhe0.50.z0.00555.y0.25409.INT
0.009870 0.258440 -0.250000
opening isotrack/mesa/MESA_KS_DB/ptcri_ovh0.20.ovhe0.50.z0.00987.y0.25844.LOW
opening isotrack/mesa/MESA_KS_DB/ptcri_ovh0.20.ovhe0.50.z0.00987.y0.25844.HB
opening isotrack/mesa/MESA_KS_DB/ptcri_ovh0.20.ovhe0.50.z0.00987.y0.25844.INT
0.017560 0.266180 0.000000
opening isotrack/mesa/MESA_KS_DB/ptcri_ovh0.20.ovhe0.50.z0.01756.y0.26618.LOW
opening isotrack/mesa/MESA_KS_DB/ptcri_ovh0.20.ovhe0.50.z0.01756.y0.26618.HB
opening isotrack/mesa/MESA_KS_DB/ptcri_ovh0.20.ovhe0.50.z0.01756.y0.26618.INT
0.031230 0.279940 0.250000
opening isotrack/mesa/MESA_KS_DB/ptcri_ovh0.20.ovhe0.50.z0.03123.y0.27994.LOW
opening isotrack/mesa/MESA_KS_DB/ptcri_ovh0.20.ovhe0.50.z0.03123.y0.27994.HB
opening isotrack/mesa/MESA_KS_DB/ptcri_ovh0.20.ovhe0.50.z0.03123.y0.27994.INT
0.055530 0.304410 0.500000
opening isotrack/mesa/MESA_KS_DB/ptcri_ovh0.20.ovhe0.50.z0.05553.y0.30441.LOW
opening isotrack/mesa/MESA_KS_DB/ptcri_ovh0.20.ovhe0.50.z0.05553.y0.30441.HB
opening isotrack/mesa/MESA_KS_DB/ptcri_ovh0.20.ovhe0.50.z0.05553.y0.30441.INT

 Leggendo file IMF : tab_imf/imf_chabrier_lognormal.dat
opening tab_imf/imf_chabrier_lognormal.dat

 IMF total mass = 1.0000
 IMF stars per mass = 3.3364
 Solar composition: Z = 0.0176, Y = 0.2662 

 ***************** 
 ***** cmd.c ***** 
 ***************** 
0 -> Calcoli preparattori ?
1 -> Scrive isocrona singola ?
2 -> Scrive sequenza isocrone in eta' ?
3 -> Scrive sequenza isocrone in metalicita' ?
4 -> Calcola colori integrati per isocrona singola ?
5 -> Calcola colori integrati per sequenza di eta' ?
6 -> Calcola colori integrati per sequenza di metalicita' ?
7 -> Scrive funzione di luminosita' ?
8 -> Scrive funzione di magnitudine ?
9 -> Scrive funzione di magnitudine per popolazione composta ?
10 -> Scrive mapa di magnitudine per popolazione composta ?
11 -> Scrive relazione massa-iniziale X finale ?
12 -> Grafica isocrona singola ?
13 -> Grafica sequenza di isocrone in eta' ?
14 -> Grafica sequenza di isocrone in metalicita' ?
15 -> Grafica traccia singola ?
16 -> Grafica sequenza di tracce in massa ?
17 -> Grafica sequenza di tracce in metalicita' ?
18 -> Altri: calcola delta(V-I) per isocrona singola ?
19 -> Altri: calcola delta(B-V) per isocrona singola ?
20 -> Altri: calcola delta(V) per isocrone ?
21 -> Altri: calcola delta(HB-RGB) per isocrone ?
22 -> Altri: da i colori per un file di punti logL x logTeff ?
23 -> Altri: calcola spettro integrato per isocrona ?
24 -> Altri: calcola indici integrati per isocrona ?
25 -> Altri: magnitu integrate tra limiti per sequenza di eta ?
26 -> Altri: magnitu media dell'hb ?
27 -> Altri: magnitu mediana dell'hb ?
28 -> Simula ammasso con certa massa o magn limite ?
29 -> Altri: estima mass partindo da observaveis Mv, B-V, [Fe/H] ?
30 -> Altri: estima mass partindo da observaveis Mv, Teff, [Fe/H] ?
31 -> Altri: estima distancia a partir de mv, Teff, [Fe/H] ?
32 -> Altri: estima distancia a partir de Deltanu, numax, Teff ?
33 -> Prints a single interpolated track ?
34 -> Dumps all tracks to file alltracks.dat ?
35 -> Prints integrated Q(H) and Q(He) ?

32 -> Altri: estima distancia a partir de Deltanu, numax, Teff :

Function 32: Estimating distances/extinctions from (Dnu,nu_max,T_eff,[M/H]).
Tuesday, 11/04/2017

Photometric system: combination of AB and VEGA. No correction need to be done.

Reading param.conf...
 BAYESIAN METHOD
 Using: Teff logg
 Will print PDFs...
 Will print JPDFs...
 Will print input PDFs...
 Maximum error in apparent magnitudes to compute distances/extinctions = 0.10 mag

	 Inputfile = 
	 Median outputfile  = 
	 Mode outputfile  = 
	 Median input_PDF outputfile  = 
	 Mode input_PDF outputfile  = 
	 Min, maximum searched age(yr) = 
 Using luminosity: L/Ls=482.555+-68.093, log(L/Ls)=2.684+-0.061

Aldeb1 -99.900000 -99.900000 2.230000 0.100000 -99.900002 -99.900002  0 0.170000 0.100000 3900.000000 50.000000 1.300000 0.200000   180.971900 -20.248300 -99.900002 -99.900002  -99.900002 -99.900002  -99.900002 -99.900002  -99.900002 -99.900002  -99.900002 -99.900002  -99.900002 -99.900002  -99.900002 -99.900002  -99.900002 -99.900002  -99.900002 -99.900002  -99.900002 -99.900002  -99.900002 -99.900002  -99.900002 -99.900002  -99.900002 -99.900002 0.000000 0.000000482.554556 68.093465 	-99.9	-99.9	-99.9	-99.9	-99.9	-99.9	-99.9	-99.9

FITTING EXTINCTION
NULL magnitudes: Kepler g r i z DDO51_finf J H Ks W1 W2 W3 W4 

Aldeb1
 logage median = 9.47, CI(68%): 9.25 - 9.72, CI(95%): 9.11 - 9.98
 logage  mode = 9.38, CI(68%): 9.22 - 9.67, CI(95%): 9.09 - 9.92
 age median = 2.92 Gyr, CI(68%): 1.78 - 5.21, CI(95%): 1.30 - 9.49
 age mode = 2.40 Gyr, CI(68%): 1.65 - 4.73, CI(95%): 1.22 - 8.37
 logm median = 0.18, CI(68%): 0.09 - 0.25, CI(95%): 0.01 - 0.30
 logm  mode = 0.19, CI(68%): 0.11 - 0.26, CI(95%): 0.03 - 0.31
 m median = 1.50 Ms, CI(68%): 1.24 - 1.76, CI(95%): 1.02 - 1.99
 m mode = 1.54 Ms, CI(68%): 1.29 - 1.82, CI(95%): 1.07 - 2.05
 logg median = 1.26, CI(68%): 1.17 - 1.33, CI(95%): 1.09 - 1.41
 logg mode = 1.27, CI(68%): 1.18 - 1.34, CI(95%): 1.10 - 1.41
 logr median = 1.67, CI(68%): 1.64 - 1.70, CI(95%): 1.61 - 1.73
 logr  mode = 1.67, CI(68%): 1.64 - 1.70, CI(95%): 1.61 - 1.73
 r median = 46.62 Rs, CI(68%): 43.39 - 50.10, CI(95%): 40.47 - 53.71
 r mode = 47.11 Rs, CI(68%): 43.85 - 50.62, CI(95%): 40.84 - 54.19
 logrho median = -4.85, CI(68%): -4.93 - -4.75, CI(95%): -4.99 - -4.66
 logrho mode = -4.86, CI(68%): -4.94 - -4.76, CI(95%): -5.00 - -4.68
 mbol median = -1.92, CI(68%): -2.06 - -1.77, CI(95%): -2.20 - -1.63
 mbol mode = -1.90, CI(68%): -2.04 - -1.75, CI(95%): -2.18 - -1.61
 Kepler median = -1.32, CI(68%): -1.48 - -1.17, CI(95%): -1.62 - -1.02
 Kepler mode = -1.31, CI(68%): -1.46 - -1.15, CI(95%): -1.60 - -0.99
 g median = 0.08, CI(68%): -0.10 - 0.26, CI(95%): -0.27 - 0.43
 g mode = 0.09, CI(68%): -0.09 - 0.27, CI(95%): -0.25 - 0.45
 r median = -1.30, CI(68%): -1.46 - -1.13, CI(95%): -1.62 - -0.97
 r mode = -1.28, CI(68%): -1.44 - -1.11, CI(95%): -1.60 - -0.95
 i median = -1.86, CI(68%): -2.01 - -1.71, CI(95%): -2.15 - -1.57
 i mode = -1.85, CI(68%): -1.99 - -1.69, CI(95%): -2.13 - -1.55
 z median = -2.23, CI(68%): -2.37 - -2.08, CI(95%): -2.51 - -1.94
 z mode = -2.21, CI(68%): -2.35 - -2.06, CI(95%): -2.49 - -1.92
 DDO51_finf median = -0.22, CI(68%): -0.39 - -0.04, CI(95%): -0.56 - 0.13
 DDO51_finf mode = -0.20, CI(68%): -0.37 - -0.02, CI(95%): -0.54 - 0.15
 J median = -3.59, CI(68%): -3.74 - -3.44, CI(95%): -3.88 - -3.30
 J mode = -3.57, CI(68%): -3.72 - -3.43, CI(95%): -3.85 - -3.27
 H median = -4.40, CI(68%): -4.54 - -4.25, CI(95%): -4.69 - -4.10
 H mode = -4.38, CI(68%): -4.53 - -4.23, CI(95%): -4.67 - -4.08
 Ks median = -4.57, CI(68%): -4.72 - -4.42, CI(95%): -4.87 - -4.27
 Ks mode = -4.55, CI(68%): -4.69 - -4.39, CI(95%): -4.84 - -4.25
 W1 median = -4.63, CI(68%): -4.78 - -4.48, CI(95%): -4.93 - -4.33
 W1 mode = -4.61, CI(68%): -4.75 - -4.45, CI(95%): -4.90 - -4.31
 W2 median = -4.49, CI(68%): -4.64 - -4.34, CI(95%): -4.78 - -4.19
 W2 mode = -4.47, CI(68%): -4.61 - -4.31, CI(95%): -4.76 - -4.17
 W3 median = -4.63, CI(68%): -4.78 - -4.48, CI(95%): -4.93 - -4.34
 W3 mode = -4.61, CI(68%): -4.77 - -4.47, CI(95%): -4.91 - -4.32
 W4 median = -4.69, CI(68%): -4.84 - -4.54, CI(95%): -4.98 - -4.39
 W4 mode = -4.67, CI(68%): -4.83 - -4.53, CI(95%): -4.97 - -4.38
 Av median = -99.90, CI(68%): -99.90 - -99.90, CI(95%): -99.90 - -99.90
 Av mode = -99.90, CI(68%): -99.90 - -99.90, CI(95%): -99.90 - -99.90
 mu0 median = -99.90, CI(68%): -99.90 - -99.90, CI(95%): -99.90 - -99.90
 mu0 mode = -99.90, CI(68%): -99.90 - -99.90, CI(95%): -99.90 - -99.90
 dist median = -99.90 pc, CI(68%): -99.90 - -99.90, CI(95%): -99.90 - -99.90
 dist mode = -99.90 pc, CI(68%): -99.90 - -99.90, CI(95%): -99.90 - -99.90

 Mode JPDF(mu0,Av): -99.90, -99.90
 fil = 0: null
 
Time: 3.20 min

 Using luminosity: L/Ls=482.555+-68.093, log(L/Ls)=2.684+-0.061

Aldeb2 -99.900000 -99.900000 2.230000 0.100000 -99.900002 -99.900002  0 0.050000 0.100000 3900.000000 50.000000 1.300000 0.200000   180.971900 -20.248300 -99.900002 -99.900002  -99.900002 -99.900002  -99.900002 -99.900002  -99.900002 -99.900002  -99.900002 -99.900002  -99.900002 -99.900002  -99.900002 -99.900002  -99.900002 -99.900002  -99.900002 -99.900002  -99.900002 -99.900002  -99.900002 -99.900002  -99.900002 -99.900002  -99.900002 -99.900002 0.000000 0.000000482.554556 68.093465 	-99.9	-99.9	-99.9	-99.9	-99.9	-99.9	-99.9	-99.9

FITTING EXTINCTION
NULL magnitudes: Kepler g r i z DDO51_finf J H Ks W1 W2 W3 W4 

Aldeb2
 logage median = 9.60, CI(68%): 9.36 - 9.86, CI(95%): 9.17 - 10.06
 logage  mode = 9.59, CI(68%): 9.35 - 9.85, CI(95%): 9.19 - 10.09
 age median = 4.03 Gyr, CI(68%): 2.30 - 7.23, CI(95%): 1.49 - 11.61
 age mode = 3.93 Gyr, CI(68%): 2.26 - 7.10, CI(95%): 1.57 - 12.22
 logm median = 0.12, CI(68%): 0.04 - 0.20, CI(95%): -0.02 - 0.27
 logm  mode = 0.13, CI(68%): 0.05 - 0.21, CI(95%): -0.03 - 0.26
 m median = 1.33 Ms, CI(68%): 1.10 - 1.59, CI(95%): 0.95 - 1.85
 m mode = 1.34 Ms, CI(68%): 1.12 - 1.62, CI(95%): 0.93 - 1.81
 logg median = 1.21, CI(68%): 1.13 - 1.29, CI(95%): 1.05 - 1.36
 logg mode = 1.21, CI(68%): 1.13 - 1.30, CI(95%): 1.05 - 1.37
 logr median = 1.67, CI(68%): 1.64 - 1.70, CI(95%): 1.61 - 1.73
 logr  mode = 1.67, CI(68%): 1.64 - 1.70, CI(95%): 1.61 - 1.73
 r median = 46.62 Rs, CI(68%): 43.40 - 50.11, CI(95%): 40.49 - 53.75
 r mode = 47.03 Rs, CI(68%): 43.85 - 50.63, CI(95%): 40.84 - 54.19
 logrho median = -4.88, CI(68%): -4.96 - -4.79, CI(95%): -5.00 - -4.70
 logrho mode = -nan, CI(68%): -4.98 - -4.82, CI(95%): -5.00 - -4.71
 mbol median = -1.93, CI(68%): -2.07 - -1.78, CI(95%): -2.22 - -1.64
 mbol mode = -1.91, CI(68%): -2.05 - -1.76, CI(95%): -2.19 - -1.62
 Kepler median = -1.35, CI(68%): -1.50 - -1.20, CI(95%): -1.65 - -1.05
 Kepler mode = -1.33, CI(68%): -1.48 - -1.17, CI(95%): -1.63 - -1.03
 g median = 0.03, CI(68%): -0.15 - 0.20, CI(95%): -0.32 - 0.37
 g mode = 0.05, CI(68%): -0.13 - 0.22, CI(95%): -0.30 - 0.39
 r median = -1.34, CI(68%): -1.50 - -1.18, CI(95%): -1.65 - -1.02
 r mode = -1.31, CI(68%): -1.47 - -1.15, CI(95%): -1.63 - -1.00
 i median = -1.88, CI(68%): -2.03 - -1.73, CI(95%): -2.17 - -1.59
 i mode = -1.86, CI(68%): -2.01 - -1.71, CI(95%): -2.15 - -1.57
 z median = -2.23, CI(68%): -2.38 - -2.09, CI(95%): -2.52 - -1.95
 z mode = -2.21, CI(68%): -2.35 - -2.06, CI(95%): -2.50 - -1.93
 DDO51_finf median = -0.27, CI(68%): -0.44 - -0.09, CI(95%): -0.61 - 0.07
 DDO51_finf mode = -0.24, CI(68%): -0.42 - -0.07, CI(95%): -0.59 - 0.09
 J median = -3.59, CI(68%): -3.74 - -3.44, CI(95%): -3.88 - -3.30
 J mode = -3.57, CI(68%): -3.71 - -3.42, CI(95%): -3.85 - -3.27
 H median = -4.40, CI(68%): -4.55 - -4.25, CI(95%): -4.70 - -4.11
 H mode = -4.38, CI(68%): -4.53 - -4.23, CI(95%): -4.68 - -4.09
 Ks median = -4.57, CI(68%): -4.72 - -4.42, CI(95%): -4.87 - -4.28
 Ks mode = -4.55, CI(68%): -4.71 - -4.41, CI(95%): -4.85 - -4.26
 W1 median = -4.63, CI(68%): -4.78 - -4.48, CI(95%): -4.93 - -4.34
 W1 mode = -4.61, CI(68%): -4.75 - -4.45, CI(95%): -4.91 - -4.32
 W2 median = -4.49, CI(68%): -4.64 - -4.34, CI(95%): -4.79 - -4.20
 W2 mode = -4.47, CI(68%): -4.61 - -4.31, CI(95%): -4.77 - -4.18
 W3 median = -4.64, CI(68%): -4.79 - -4.49, CI(95%): -4.93 - -4.34
 W3 mode = -4.62, CI(68%): -4.77 - -4.47, CI(95%): -4.91 - -4.32
 W4 median = -4.69, CI(68%): -4.84 - -4.54, CI(95%): -4.99 - -4.40
 W4 mode = -4.67, CI(68%): -4.83 - -4.53, CI(95%): -4.97 - -4.38
 Av median = -99.90, CI(68%): -99.90 - -99.90, CI(95%): -99.90 - -99.90
 Av mode = -99.90, CI(68%): -99.90 - -99.90, CI(95%): -99.90 - -99.90
 mu0 median = -99.90, CI(68%): -99.90 - -99.90, CI(95%): -99.90 - -99.90
 mu0 mode = -99.90, CI(68%): -99.90 - -99.90, CI(95%): -99.90 - -99.90
 dist median = -99.90 pc, CI(68%): -99.90 - -99.90, CI(95%): -99.90 - -99.90
 dist mode = -99.90 pc, CI(68%): -99.90 - -99.90, CI(95%): -99.90 - -99.90

 Mode JPDF(mu0,Av): -99.90, -99.90
 fil = 0: null
 
Time: 6.41 min

 Using luminosity: L/Ls=507.491+-71.612, log(L/Ls)=2.705+-0.061

Aldeb3 -99.900000 -99.900000 2.230000 0.100000 -99.900002 -99.900002  0 -0.040000 0.100000 3870.000000 50.000000 1.660000 0.200000   180.971900 -20.248300 -99.900002 -99.900002  -99.900002 -99.900002  -99.900002 -99.900002  -99.900002 -99.900002  -99.900002 -99.900002  -99.900002 -99.900002  -99.900002 -99.900002  -99.900002 -99.900002  -99.900002 -99.900002  -99.900002 -99.900002  -99.900002 -99.900002  -99.900002 -99.900002  -99.900002 -99.900002 0.000000 0.000000507.490671 71.612210 	-99.9	-99.9	-99.9	-99.9	-99.9	-99.9	-99.9	-99.9

FITTING EXTINCTION
NULL magnitudes: Kepler g r i z DDO51_finf J H Ks W1 W2 W3 W4 

Aldeb3
 logage median = 9.60, CI(68%): 9.37 - 9.83, CI(95%): 9.18 - 10.04
 logage  mode = 9.59, CI(68%): 9.37 - 9.84, CI(95%): 9.19 - 10.05
 age median = 3.98 Gyr, CI(68%): 2.34 - 6.83, CI(95%): 1.52 - 10.96
 age mode = 3.93 Gyr, CI(68%): 2.34 - 6.84, CI(95%): 1.57 - 11.29
 logm median = 0.12, CI(68%): 0.05 - 0.20, CI(95%): -0.01 - 0.26
 logm  mode = 0.13, CI(68%): 0.05 - 0.20, CI(95%): -0.02 - 0.26
 m median = 1.33 Ms, CI(68%): 1.12 - 1.57, CI(95%): 0.97 - 1.82
 m mode = 1.33 Ms, CI(68%): 1.13 - 1.59, CI(95%): 0.96 - 1.80
 logg median = 1.20, CI(68%): 1.12 - 1.27, CI(95%): 1.07 - 1.35
 logg mode = 1.20, CI(68%): 1.12 - 1.27, CI(95%): 1.06 - 1.33
 logr median = 1.67, CI(68%): 1.64 - 1.70, CI(95%): 1.61 - 1.73
 logr  mode = 1.68, CI(68%): 1.65 - 1.71, CI(95%): 1.62 - 1.74
 r median = 47.07 Rs, CI(68%): 43.88 - 50.54, CI(95%): 40.96 - 54.11
 r mode = 47.47 Rs, CI(68%): 44.26 - 50.97, CI(95%): 41.41 - 54.70
 logrho median = -4.90, CI(68%): -4.97 - -4.81, CI(95%): -5.00 - -4.72
 logrho mode = -nan, CI(68%): -4.99 - -4.84, CI(95%): -5.00 - -4.73
 mbol median = -1.95, CI(68%): -2.10 - -1.81, CI(95%): -2.24 - -1.67
 mbol mode = -1.93, CI(68%): -2.08 - -1.79, CI(95%): -2.22 - -1.65
 Kepler median = -1.38, CI(68%): -1.54 - -1.23, CI(95%): -1.69 - -1.08
 Kepler mode = -1.36, CI(68%): -1.51 - -1.20, CI(95%): -1.67 - -1.07
 g median = -0.02, CI(68%): -0.19 - 0.16, CI(95%): -0.36 - 0.33
 g mode = 0.00, CI(68%): -0.17 - 0.18, CI(95%): -0.34 - 0.35
 r median = -1.37, CI(68%): -1.54 - -1.21, CI(95%): -1.69 - -1.06
 r mode = -1.35, CI(68%): -1.51 - -1.19, CI(95%): -1.67 - -1.04
 i median = -1.91, CI(68%): -2.06 - -1.76, CI(95%): -2.20 - -1.62
 i mode = -1.89, CI(68%): -2.03 - -1.73, CI(95%): -2.19 - -1.61
 z median = -2.25, CI(68%): -2.40 - -2.11, CI(95%): -2.54 - -1.97
 z mode = -2.23, CI(68%): -2.38 - -2.09, CI(95%): -2.52 - -1.95
 DDO51_finf median = -0.31, CI(68%): -0.48 - -0.13, CI(95%): -0.65 - 0.04
 DDO51_finf mode = -0.29, CI(68%): -0.47 - -0.11, CI(95%): -0.63 - 0.06
 J median = -3.61, CI(68%): -3.76 - -3.46, CI(95%): -3.90 - -3.33
 J mode = -3.59, CI(68%): -3.73 - -3.44, CI(95%): -3.88 - -3.31
 H median = -4.43, CI(68%): -4.58 - -4.28, CI(95%): -4.72 - -4.14
 H mode = -4.41, CI(68%): -4.55 - -4.26, CI(95%): -4.69 - -4.11
 Ks median = -4.59, CI(68%): -4.74 - -4.45, CI(95%): -4.89 - -4.30
 Ks mode = -4.57, CI(68%): -4.73 - -4.43, CI(95%): -4.87 - -4.28
 W1 median = -4.65, CI(68%): -4.80 - -4.50, CI(95%): -4.95 - -4.36
 W1 mode = -4.63, CI(68%): -4.79 - -4.49, CI(95%): -4.93 - -4.34
 W2 median = -4.51, CI(68%): -4.66 - -4.37, CI(95%): -4.81 - -4.22
 W2 mode = -4.49, CI(68%): -4.65 - -4.35, CI(95%): -4.79 - -4.21
 W3 median = -4.66, CI(68%): -4.81 - -4.51, CI(95%): -4.95 - -4.37
 W3 mode = -4.64, CI(68%): -4.79 - -4.49, CI(95%): -4.93 - -4.35
 W4 median = -4.71, CI(68%): -4.86 - -4.57, CI(95%): -5.01 - -4.42
 W4 mode = -4.70, CI(68%): -4.85 - -4.55, CI(95%): -4.99 - -4.40
 Av median = -99.90, CI(68%): -99.90 - -99.90, CI(95%): -99.90 - -99.90
 Av mode = -99.90, CI(68%): -99.90 - -99.90, CI(95%): -99.90 - -99.90
 mu0 median = -99.90, CI(68%): -99.90 - -99.90, CI(95%): -99.90 - -99.90
 mu0 mode = -99.90, CI(68%): -99.90 - -99.90, CI(95%): -99.90 - -99.90
 dist median = -99.90 pc, CI(68%): -99.90 - -99.90, CI(95%): -99.90 - -99.90
 dist mode = -99.90 pc, CI(68%): -99.90 - -99.90, CI(95%): -99.90 - -99.90

 Mode JPDF(mu0,Av): -99.90, -99.90
 fil = 0: null
 
Time: 9.15 min

 ***************** 
 ***** cmd.c ***** 
 ***************** 
0 -> Calcoli preparattori ?
1 -> Scrive isocrona singola ?
2 -> Scrive sequenza isocrone in eta' ?
3 -> Scrive sequenza isocrone in metalicita' ?
4 -> Calcola colori integrati per isocrona singola ?
5 -> Calcola colori integrati per sequenza di eta' ?
6 -> Calcola colori integrati per sequenza di metalicita' ?
7 -> Scrive funzione di luminosita' ?
8 -> Scrive funzione di magnitudine ?
9 -> Scrive funzione di magnitudine per popolazione composta ?
10 -> Scrive mapa di magnitudine per popolazione composta ?
11 -> Scrive relazione massa-iniziale X finale ?
12 -> Grafica isocrona singola ?
13 -> Grafica sequenza di isocrone in eta' ?
14 -> Grafica sequenza di isocrone in metalicita' ?
15 -> Grafica traccia singola ?
16 -> Grafica sequenza di tracce in massa ?
17 -> Grafica sequenza di tracce in metalicita' ?
18 -> Altri: calcola delta(V-I) per isocrona singola ?
19 -> Altri: calcola delta(B-V) per isocrona singola ?
20 -> Altri: calcola delta(V) per isocrone ?
21 -> Altri: calcola delta(HB-RGB) per isocrone ?
22 -> Altri: da i colori per un file di punti logL x logTeff ?
23 -> Altri: calcola spettro integrato per isocrona ?
24 -> Altri: calcola indici integrati per isocrona ?
25 -> Altri: magnitu integrate tra limiti per sequenza di eta ?
26 -> Altri: magnitu media dell'hb ?
27 -> Altri: magnitu mediana dell'hb ?
28 -> Simula ammasso con certa massa o magn limite ?
29 -> Altri: estima mass partindo da observaveis Mv, B-V, [Fe/H] ?
30 -> Altri: estima mass partindo da observaveis Mv, Teff, [Fe/H] ?
31 -> Altri: estima distancia a partir de mv, Teff, [Fe/H] ?
32 -> Altri: estima distancia a partir de Deltanu, numax, Teff ?
33 -> Prints a single interpolated track ?
34 -> Dumps all tracks to file alltracks.dat ?
35 -> Prints integrated Q(H) and Q(He) ?
Hasta la vista.


 Parameters inputfile = cmd_input_mesa.dat
opening cmd_input_mesa.dat
RGB mass loss is default Reimers with eta=0.0000
LPV periods as in Marigo et al. 2008

Default solar properties: 
Teff = 5780.960 K
Dnu = (135.100+-0.000) uHz; nu_max = (3140.000+-0.000) uHz

RGB mass loss changed to Reimers with eta=0.2000
Minimum mass for mass loss changed to 1.8000 Msun
Maximum mass for mass loss changed to 1.9000 Msun
LPV periods changed to Trabucchi
Teff_sun changed to (5776.0000+-0.0000) K
Dnu_sun changed to (136.100+-0.000) uHz

File tab_mag_odfnew/tab_mag_apokasc.datopening tab_mag_odfnew/tab_mag_apokasc.dat

 Reading 7 O-rich BC tables.
opening bc_odfnew/apokasc/bc_m25.dat
opening bc_odfnew/apokasc/bc_m20.dat
opening bc_odfnew/apokasc/bc_m15.dat
opening bc_odfnew/apokasc/bc_m10.dat
opening bc_odfnew/apokasc/bc_m05.dat
opening bc_odfnew/apokasc/bc_p00.dat
opening bc_odfnew/apokasc/bc_p05.dat
 Reading also 7 C-rich BC tables.
opening bc_odfnew/apokasc/bcc_m25.dat
opening bc_odfnew/apokasc/bcc_m20.dat
opening bc_odfnew/apokasc/bcc_m15.dat
opening bc_odfnew/apokasc/bcc_m10.dat
opening bc_odfnew/apokasc/bcc_m05.dat
opening bc_odfnew/apokasc/bcc_p00.dat
opening bc_odfnew/apokasc/bcc_p05.dat
opening isotrack/mesa/bassazams_fasulla.dat
opening isotrack/isotrack_fasullo.dat
opening isotrack/isotrack_fasullo.dat
opening isotrack/mesa/MESA_KS_DB.dat
0.001760 0.250270 -1.000000
opening isotrack/mesa/MESA_KS_DB/ptcri_ovh0.20.ovhe0.50.z0.00176.y0.25027.LOW
opening isotrack/mesa/MESA_KS_DB/ptcri_ovh0.20.ovhe0.50.z0.00176.y0.25027.HB
opening isotrack/mesa/MESA_KS_DB/ptcri_ovh0.20.ovhe0.50.z0.00176.y0.25027.INT
0.003120 0.251640 -0.750000
opening isotrack/mesa/MESA_KS_DB/ptcri_ovh0.20.ovhe0.50.z0.00312.y0.25164.LOW
opening isotrack/mesa/MESA_KS_DB/ptcri_ovh0.20.ovhe0.50.z0.00312.y0.25164.HB
opening isotrack/mesa/MESA_KS_DB/ptcri_ovh0.20.ovhe0.50.z0.00312.y0.25164.INT
0.005550 0.254090 -0.500000
opening isotrack/mesa/MESA_KS_DB/ptcri_ovh0.20.ovhe0.50.z0.00555.y0.25409.LOW
opening isotrack/mesa/MESA_KS_DB/ptcri_ovh0.20.ovhe0.50.z0.00555.y0.25409.HB
opening isotrack/mesa/MESA_KS_DB/ptcri_ovh0.20.ovhe0.50.z0.00555.y0.25409.INT
0.009870 0.258440 -0.250000
opening isotrack/mesa/MESA_KS_DB/ptcri_ovh0.20.ovhe0.50.z0.00987.y0.25844.LOW
opening isotrack/mesa/MESA_KS_DB/ptcri_ovh0.20.ovhe0.50.z0.00987.y0.25844.HB
opening isotrack/mesa/MESA_KS_DB/ptcri_ovh0.20.ovhe0.50.z0.00987.y0.25844.INT
0.017560 0.266180 0.000000
opening isotrack/mesa/MESA_KS_DB/ptcri_ovh0.20.ovhe0.50.z0.01756.y0.26618.LOW
opening isotrack/mesa/MESA_KS_DB/ptcri_ovh0.20.ovhe0.50.z0.01756.y0.26618.HB
opening isotrack/mesa/MESA_KS_DB/ptcri_ovh0.20.ovhe0.50.z0.01756.y0.26618.INT
0.031230 0.279940 0.250000
opening isotrack/mesa/MESA_KS_DB/ptcri_ovh0.20.ovhe0.50.z0.03123.y0.27994.LOW
opening isotrack/mesa/MESA_KS_DB/ptcri_ovh0.20.ovhe0.50.z0.03123.y0.27994.HB
opening isotrack/mesa/MESA_KS_DB/ptcri_ovh0.20.ovhe0.50.z0.03123.y0.27994.INT
0.055530 0.304410 0.500000
opening isotrack/mesa/MESA_KS_DB/ptcri_ovh0.20.ovhe0.50.z0.05553.y0.30441.LOW
opening isotrack/mesa/MESA_KS_DB/ptcri_ovh0.20.ovhe0.50.z0.05553.y0.30441.HB
opening isotrack/mesa/MESA_KS_DB/ptcri_ovh0.20.ovhe0.50.z0.05553.y0.30441.INT

 Leggendo file IMF : tab_imf/imf_chabrier_lognormal.dat
opening tab_imf/imf_chabrier_lognormal.dat

 IMF total mass = 1.0000
 IMF stars per mass = 3.3364
 Solar composition: Z = 0.0176, Y = 0.2662 

 ***************** 
 ***** cmd.c ***** 
 ***************** 
0 -> Calcoli preparattori ?
1 -> Scrive isocrona singola ?
2 -> Scrive sequenza isocrone in eta' ?
3 -> Scrive sequenza isocrone in metalicita' ?
4 -> Calcola colori integrati per isocrona singola ?
5 -> Calcola colori integrati per sequenza di eta' ?
6 -> Calcola colori integrati per sequenza di metalicita' ?
7 -> Scrive funzione di luminosita' ?
8 -> Scrive funzione di magnitudine ?
9 -> Scrive funzione di magnitudine per popolazione composta ?
10 -> Scrive mapa di magnitudine per popolazione composta ?
11 -> Scrive relazione massa-iniziale X finale ?
12 -> Grafica isocrona singola ?
13 -> Grafica sequenza di isocrone in eta' ?
14 -> Grafica sequenza di isocrone in metalicita' ?
15 -> Grafica traccia singola ?
16 -> Grafica sequenza di tracce in massa ?
17 -> Grafica sequenza di tracce in metalicita' ?
18 -> Altri: calcola delta(V-I) per isocrona singola ?
19 -> Altri: calcola delta(B-V) per isocrona singola ?
20 -> Altri: calcola delta(V) per isocrone ?
21 -> Altri: calcola delta(HB-RGB) per isocrone ?
22 -> Altri: da i colori per un file di punti logL x logTeff ?
23 -> Altri: calcola spettro integrato per isocrona ?
24 -> Altri: calcola indici integrati per isocrona ?
25 -> Altri: magnitu integrate tra limiti per sequenza di eta ?
26 -> Altri: magnitu media dell'hb ?
27 -> Altri: magnitu mediana dell'hb ?
28 -> Simula ammasso con certa massa o magn limite ?
29 -> Altri: estima mass partindo da observaveis Mv, B-V, [Fe/H] ?
30 -> Altri: estima mass partindo da observaveis Mv, Teff, [Fe/H] ?
31 -> Altri: estima distancia a partir de mv, Teff, [Fe/H] ?
32 -> Altri: estima distancia a partir de Deltanu, numax, Teff ?
33 -> Prints a single interpolated track ?
34 -> Dumps all tracks to file alltracks.dat ?
35 -> Prints integrated Q(H) and Q(He) ?

32 -> Altri: estima distancia a partir de Deltanu, numax, Teff :

Function 32: Estimating distances/extinctions from (Dnu,nu_max,T_eff,[M/H]).
Tuesday, 11/04/2017

Photometric system: combination of AB and VEGA. No correction need to be done.

Reading param.conf...
 BAYESIAN METHOD
 Using: Teff logg
 Will print PDFs...
 Will print JPDFs...
 Will print input PDFs...
 Maximum error in apparent magnitudes to compute distances/extinctions = 0.10 mag

	 Inputfile = 
	 Median outputfile  = 
	 Mode outputfile  = 
	 Median input_PDF outputfile  = 
	 Mode input_PDF outputfile  = 
	 Min, maximum searched age(yr) = 
 Using luminosity: L/Ls=455.738+-64.309, log(L/Ls)=2.659+-0.061

Aldeb4 -99.900000 -99.900000 2.230000 0.100000 -99.900002 -99.900002  0 -0.340000 0.100000 3936.000000 50.000000 1.000000 0.200000   180.971900 -20.248300 -99.900002 -99.900002  -99.900002 -99.900002  -99.900002 -99.900002  -99.900002 -99.900002  -99.900002 -99.900002  -99.900002 -99.900002  -99.900002 -99.900002  -99.900002 -99.900002  -99.900002 -99.900002  -99.900002 -99.900002  -99.900002 -99.900002  -99.900002 -99.900002  -99.900002 -99.900002 0.000000 0.000000455.737703 64.309328 	-99.9	-99.9	-99.9	-99.9	-99.9	-99.9	-99.9	-99.9

FITTING EXTINCTION
NULL magnitudes: Kepler g r i z DDO51_finf J H Ks W1 W2 W3 W4 

Aldeb4
 logage median = 9.99, CI(68%): 9.81 - 10.09, CI(95%): 9.61 - 10.13
 logage  mode = 10.14, CI(68%): 9.92 - 10.14, CI(95%): 9.68 - 10.14
 age median = 9.73 Gyr, CI(68%): 6.44 - 12.40, CI(95%): 4.04 - 13.45
 age mode = 13.80 Gyr, CI(68%): 8.34 - 13.96, CI(95%): 4.83 - 13.96
 logm median = -0.02, CI(68%): -0.05 - 0.03, CI(95%): -0.06 - 0.10
 logm  mode = -0.04, CI(68%): -0.06 - 0.01, CI(95%): -0.07 - 0.08
 m median = 0.96 Ms, CI(68%): 0.90 - 1.08, CI(95%): 0.87 - 1.25
 m mode = 0.91 Ms, CI(68%): 0.87 - 1.02, CI(95%): 0.86 - 1.21
 logg median = 1.08, CI(68%): 1.01 - 1.15, CI(95%): 0.95 - 1.22
 logg mode = 1.08, CI(68%): 1.01 - 1.15, CI(95%): 0.95 - 1.22
 logr median = 1.67, CI(68%): 1.64 - 1.70, CI(95%): 1.61 - 1.73
 logr  mode = 1.67, CI(68%): 1.64 - 1.70, CI(95%): 1.61 - 1.73
 r median = 46.43 Rs, CI(68%): 43.27 - 49.73, CI(95%): 40.50 - 53.20
 r mode = 46.93 Rs, CI(68%): 43.81 - 50.34, CI(95%): 40.88 - 53.70
 logrho median = -4.95, CI(68%): -4.99 - -4.88, CI(95%): 0.00 - -4.81
 logrho mode = -nan, CI(68%): -5.00 - -4.91, CI(95%): -5.00 - -4.71
 mbol median = -1.98, CI(68%): -2.11 - -1.84, CI(95%): -2.24 - -1.72
 mbol mode = -1.96, CI(68%): -2.09 - -1.83, CI(95%): -2.21 - -1.69
 Kepler median = -1.47, CI(68%): -1.60 - -1.34, CI(95%): -1.73 - -1.22
 Kepler mode = -1.45, CI(68%): -1.57 - -1.31, CI(95%): -1.71 - -1.20
 g median = -0.19, CI(68%): -0.34 - -0.05, CI(95%): -0.48 - 0.08
 g mode = -0.17, CI(68%): -0.31 - -0.03, CI(95%): -0.45 - 0.11
 r median = -1.49, CI(68%): -1.62 - -1.36, CI(95%): -1.75 - -1.23
 r mode = -1.47, CI(68%): -1.59 - -1.33, CI(95%): -1.73 - -1.21
 i median = -1.97, CI(68%): -2.10 - -1.84, CI(95%): -2.23 - -1.72
 i mode = -1.95, CI(68%): -2.07 - -1.81, CI(95%): -2.20 - -1.69
 z median = -2.28, CI(68%): -2.41 - -2.15, CI(95%): -2.54 - -2.02
 z mode = -2.26, CI(68%): -2.39 - -2.13, CI(95%): -2.51 - -2.00
 DDO51_finf median = -0.50, CI(68%): -0.65 - -0.35, CI(95%): -0.80 - -0.21
 DDO51_finf mode = -0.48, CI(68%): -0.63 - -0.33, CI(95%): -0.77 - -0.19
 J median = -3.61, CI(68%): -3.74 - -3.47, CI(95%): -3.87 - -3.34
 J mode = -3.59, CI(68%): -3.72 - -3.45, CI(95%): -3.85 - -3.32
 H median = -4.43, CI(68%): -4.57 - -4.29, CI(95%): -4.71 - -4.15
 H mode = -4.41, CI(68%): -4.55 - -4.27, CI(95%): -4.68 - -4.13
 Ks median = -4.58, CI(68%): -4.72 - -4.44, CI(95%): -4.86 - -4.30
 Ks mode = -4.56, CI(68%): -4.71 - -4.42, CI(95%): -4.83 - -4.27
 W1 median = -4.63, CI(68%): -4.78 - -4.49, CI(95%): -4.92 - -4.35
 W1 mode = -4.62, CI(68%): -4.76 - -4.47, CI(95%): -4.89 - -4.33
 W2 median = -4.51, CI(68%): -4.65 - -4.37, CI(95%): -4.79 - -4.23
 W2 mode = -4.50, CI(68%): -4.63 - -4.35, CI(95%): -4.77 - -4.21
 W3 median = -4.65, CI(68%): -4.80 - -4.51, CI(95%): -4.93 - -4.37
 W3 mode = -4.64, CI(68%): -4.78 - -4.49, CI(95%): -4.91 - -4.35
 W4 median = -4.70, CI(68%): -4.84 - -4.56, CI(95%): -4.98 - -4.42
 W4 mode = -4.69, CI(68%): -4.83 - -4.54, CI(95%): -4.97 - -4.41
 Av median = -99.90, CI(68%): -99.90 - -99.90, CI(95%): -99.90 - -99.90
 Av mode = -99.90, CI(68%): -99.90 - -99.90, CI(95%): -99.90 - -99.90
 mu0 median = -99.90, CI(68%): -99.90 - -99.90, CI(95%): -99.90 - -99.90
 mu0 mode = -99.90, CI(68%): -99.90 - -99.90, CI(95%): -99.90 - -99.90
 dist median = -99.90 pc, CI(68%): -99.90 - -99.90, CI(95%): -99.90 - -99.90
 dist mode = -99.90 pc, CI(68%): -99.90 - -99.90, CI(95%): -99.90 - -99.90

 Mode JPDF(mu0,Av): -99.90, -99.90
 fil = 0: null
 
Time: 3.12 min

 Using luminosity: L/Ls=525.590+-74.166, log(L/Ls)=2.721+-0.061

Aldeb5 -99.900000 -99.900000 2.230000 0.100000 -99.900002 -99.900002  0 -0.100000 0.100000 3850.000000 50.000000 0.550000 0.200000   180.971900 -20.248300 -99.900002 -99.900002  -99.900002 -99.900002  -99.900002 -99.900002  -99.900002 -99.900002  -99.900002 -99.900002  -99.900002 -99.900002  -99.900002 -99.900002  -99.900002 -99.900002  -99.900002 -99.900002  -99.900002 -99.900002  -99.900002 -99.900002  -99.900002 -99.900002  -99.900002 -99.900002 0.000000 0.000000525.590354 74.166264 	-99.9	-99.9	-99.9	-99.9	-99.9	-99.9	-99.9	-99.9

FITTING EXTINCTION
NULL magnitudes: Kepler g r i z DDO51_finf J H Ks W1 W2 W3 W4 

Aldeb5
 logage median = 9.96, CI(68%): 9.77 - 10.08, CI(95%): 9.56 - 10.13
 logage  mode = 10.14, CI(68%): 9.89 - 10.14, CI(95%): 9.64 - 10.14
 age median = 9.17 Gyr, CI(68%): 5.89 - 12.13, CI(95%): 3.65 - 13.40
 age mode = 13.80 Gyr, CI(68%): 7.73 - 13.96, CI(95%): 4.37 - 13.96
 logm median = 0.00, CI(68%): -0.03 - 0.06, CI(95%): -0.05 - 0.13
 logm  mode = -0.03, CI(68%): -0.05 - 0.04, CI(95%): -0.06 - 0.11
 m median = 1.00 Ms, CI(68%): 0.92 - 1.15, CI(95%): 0.89 - 1.34
 m mode = 0.94 Ms, CI(68%): 0.90 - 1.09, CI(95%): 0.87 - 1.29
 logg median = 0.98, CI(68%): 0.91 - 1.05, CI(95%): 0.85 - 1.11
 logg mode = 0.98, CI(68%): 0.92 - 1.06, CI(95%): 0.86 - 1.12
 logr median = 1.73, CI(68%): 1.70 - 1.76, CI(95%): 1.67 - 1.79
 logr  mode = 1.73, CI(68%): 1.70 - 1.76, CI(95%): 1.67 - 1.79
 r median = 53.23 Rs, CI(68%): 49.69 - 57.04, CI(95%): 46.60 - 61.04
 r mode = 53.64 Rs, CI(68%): 49.91 - 57.28, CI(95%): 47.07 - 61.65
 logrho median = -4.99, CI(68%): 0.00 - -4.97, CI(95%): 0.00 - -4.95
 logrho mode = -nan, CI(68%): -5.00 - -4.96, CI(95%): 0.00 - 0.30
 mbol median = -2.14, CI(68%): -2.27 - -2.00, CI(95%): -2.40 - -1.88
 mbol mode = -2.11, CI(68%): -2.25 - -1.99, CI(95%): -2.37 - -1.85
 Kepler median = -1.49, CI(68%): -1.63 - -1.36, CI(95%): -1.76 - -1.23
 Kepler mode = -1.46, CI(68%): -1.60 - -1.33, CI(95%): -1.74 - -1.21
 g median = -0.06, CI(68%): -0.22 - 0.09, CI(95%): -0.38 - 0.24
 g mode = -0.03, CI(68%): -0.20 - 0.11, CI(95%): -0.35 - 0.26
 r median = -1.46, CI(68%): -1.61 - -1.32, CI(95%): -1.75 - -1.18
 r mode = -1.44, CI(68%): -1.59 - -1.30, CI(95%): -1.73 - -1.16
 i median = -2.04, CI(68%): -2.18 - -1.91, CI(95%): -2.31 - -1.79
 i mode = -2.01, CI(68%): -2.15 - -1.89, CI(95%): -2.28 - -1.77
 z median = -2.42, CI(68%): -2.55 - -2.29, CI(95%): -2.68 - -2.17
 z mode = -2.39, CI(68%): -2.53 - -2.27, CI(95%): -2.65 - -2.14
 DDO51_finf median = -0.36, CI(68%): -0.52 - -0.21, CI(95%): -0.68 - -0.07
 DDO51_finf mode = -0.33, CI(68%): -0.50 - -0.19, CI(95%): -0.65 - -0.04
 J median = -3.80, CI(68%): -3.94 - -3.67, CI(95%): -4.07 - -3.55
 J mode = -3.78, CI(68%): -3.92 - -3.65, CI(95%): -4.05 - -3.52
 H median = -4.66, CI(68%): -4.80 - -4.52, CI(95%): -4.94 - -4.39
 H mode = -4.64, CI(68%): -4.77 - -4.49, CI(95%): -4.91 - -4.36
 Ks median = -4.83, CI(68%): -4.97 - -4.69, CI(95%): -5.11 - -4.56
 Ks mode = -4.81, CI(68%): -4.95 - -4.67, CI(95%): -5.09 - -4.53
 W1 median = -4.89, CI(68%): -5.03 - -4.74, CI(95%): -5.17 - -4.61
 W1 mode = -4.86, CI(68%): -5.01 - -4.73, CI(95%): -5.15 - -4.59
 W2 median = -4.75, CI(68%): -4.89 - -4.61, CI(95%): -5.03 - -4.48
 W2 mode = -4.73, CI(68%): -4.87 - -4.59, CI(95%): -5.00 - -4.45
 W3 median = -4.89, CI(68%): -5.03 - -4.75, CI(95%): -5.16 - -4.62
 W3 mode = -4.87, CI(68%): -5.01 - -4.73, CI(95%): -5.14 - -4.59
 W4 median = -4.94, CI(68%): -5.07 - -4.80, CI(95%): -5.20 - -4.67
 W4 mode = -4.92, CI(68%): -5.05 - -4.78, CI(95%): -5.18 - -4.65
 Av median = -99.90, CI(68%): -99.90 - -99.90, CI(95%): -99.90 - -99.90
 Av mode = -99.90, CI(68%): -99.90 - -99.90, CI(95%): -99.90 - -99.90
 mu0 median = -99.90, CI(68%): -99.90 - -99.90, CI(95%): -99.90 - -99.90
 mu0 mode = -99.90, CI(68%): -99.90 - -99.90, CI(95%): -99.90 - -99.90
 dist median = -99.90 pc, CI(68%): -99.90 - -99.90, CI(95%): -99.90 - -99.90
 dist mode = -99.90 pc, CI(68%): -99.90 - -99.90, CI(95%): -99.90 - -99.90

 Mode JPDF(mu0,Av): -99.90, -99.90
 fil = 0: null
 
Time: 6.20 min

 ***************** 
 ***** cmd.c ***** 
 ***************** 
0 -> Calcoli preparattori ?
1 -> Scrive isocrona singola ?
2 -> Scrive sequenza isocrone in eta' ?
3 -> Scrive sequenza isocrone in metalicita' ?
4 -> Calcola colori integrati per isocrona singola ?
5 -> Calcola colori integrati per sequenza di eta' ?
6 -> Calcola colori integrati per sequenza di metalicita' ?
7 -> Scrive funzione di luminosita' ?
8 -> Scrive funzione di magnitudine ?
9 -> Scrive funzione di magnitudine per popolazione composta ?
10 -> Scrive mapa di magnitudine per popolazione composta ?
11 -> Scrive relazione massa-iniziale X finale ?
12 -> Grafica isocrona singola ?
13 -> Grafica sequenza di isocrone in eta' ?
14 -> Grafica sequenza di isocrone in metalicita' ?
15 -> Grafica traccia singola ?
16 -> Grafica sequenza di tracce in massa ?
17 -> Grafica sequenza di tracce in metalicita' ?
18 -> Altri: calcola delta(V-I) per isocrona singola ?
19 -> Altri: calcola delta(B-V) per isocrona singola ?
20 -> Altri: calcola delta(V) per isocrone ?
21 -> Altri: calcola delta(HB-RGB) per isocrone ?
22 -> Altri: da i colori per un file di punti logL x logTeff ?
23 -> Altri: calcola spettro integrato per isocrona ?
24 -> Altri: calcola indici integrati per isocrona ?
25 -> Altri: magnitu integrate tra limiti per sequenza di eta ?
26 -> Altri: magnitu media dell'hb ?
27 -> Altri: magnitu mediana dell'hb ?
28 -> Simula ammasso con certa massa o magn limite ?
29 -> Altri: estima mass partindo da observaveis Mv, B-V, [Fe/H] ?
30 -> Altri: estima mass partindo da observaveis Mv, Teff, [Fe/H] ?
31 -> Altri: estima distancia a partir de mv, Teff, [Fe/H] ?
32 -> Altri: estima distancia a partir de Deltanu, numax, Teff ?
33 -> Prints a single interpolated track ?
34 -> Dumps all tracks to file alltracks.dat ?
35 -> Prints integrated Q(H) and Q(He) ?
Hasta la vista.

