
 Parameters inputfile = cmd_input_mesa.dat
opening cmd_input_mesa.dat
RGB mass loss is default Reimers with eta=0.0000
LPV periods as in Marigo et al. 2008

Default solar properties: 
Teff = 5780.960 K
Dnu = (135.100+-0.000) uHz; nu_max = (3140.000+-0.000) uHz

RGB mass loss changed to Reimers with eta=0.2000
Minimum mass for mass loss changed to 1.8000 Msun
Maximum mass for mass loss changed to 1.9000 Msun
LPV periods changed to Trabucchi
Teff_sun changed to (5776.0000+-0.0000) K
Dnu_sun changed to (136.100+-0.000) uHz

File tab_mag_odfnew/tab_mag_apokasc.datopening tab_mag_odfnew/tab_mag_apokasc.dat

 Reading 7 O-rich BC tables.
opening bc_odfnew/apokasc/bc_m25.dat
opening bc_odfnew/apokasc/bc_m20.dat
opening bc_odfnew/apokasc/bc_m15.dat
opening bc_odfnew/apokasc/bc_m10.dat
opening bc_odfnew/apokasc/bc_m05.dat
opening bc_odfnew/apokasc/bc_p00.dat
opening bc_odfnew/apokasc/bc_p05.dat
 Reading also 7 C-rich BC tables.
opening bc_odfnew/apokasc/bcc_m25.dat
opening bc_odfnew/apokasc/bcc_m20.dat
opening bc_odfnew/apokasc/bcc_m15.dat
opening bc_odfnew/apokasc/bcc_m10.dat
opening bc_odfnew/apokasc/bcc_m05.dat
opening bc_odfnew/apokasc/bcc_p00.dat
opening bc_odfnew/apokasc/bcc_p05.dat
opening isotrack/mesa/bassazams_fasulla.dat
opening isotrack/isotrack_fasullo.dat
opening isotrack/isotrack_fasullo.dat
opening isotrack/mesa/MESA_KS_DB.dat
0.001760 0.250270 -1.000000
opening isotrack/mesa/MESA_KS_DB/ptcri_ovh0.20.ovhe0.50.z0.00176.y0.25027.LOW
opening isotrack/mesa/MESA_KS_DB/ptcri_ovh0.20.ovhe0.50.z0.00176.y0.25027.HB
opening isotrack/mesa/MESA_KS_DB/ptcri_ovh0.20.ovhe0.50.z0.00176.y0.25027.INT
0.003120 0.251640 -0.750000
opening isotrack/mesa/MESA_KS_DB/ptcri_ovh0.20.ovhe0.50.z0.00312.y0.25164.LOW
opening isotrack/mesa/MESA_KS_DB/ptcri_ovh0.20.ovhe0.50.z0.00312.y0.25164.HB
opening isotrack/mesa/MESA_KS_DB/ptcri_ovh0.20.ovhe0.50.z0.00312.y0.25164.INT
0.005550 0.254090 -0.500000
opening isotrack/mesa/MESA_KS_DB/ptcri_ovh0.20.ovhe0.50.z0.00555.y0.25409.LOW
opening isotrack/mesa/MESA_KS_DB/ptcri_ovh0.20.ovhe0.50.z0.00555.y0.25409.HB
opening isotrack/mesa/MESA_KS_DB/ptcri_ovh0.20.ovhe0.50.z0.00555.y0.25409.INT
0.009870 0.258440 -0.250000
opening isotrack/mesa/MESA_KS_DB/ptcri_ovh0.20.ovhe0.50.z0.00987.y0.25844.LOW
opening isotrack/mesa/MESA_KS_DB/ptcri_ovh0.20.ovhe0.50.z0.00987.y0.25844.HB
opening isotrack/mesa/MESA_KS_DB/ptcri_ovh0.20.ovhe0.50.z0.00987.y0.25844.INT
0.017560 0.266180 0.000000
opening isotrack/mesa/MESA_KS_DB/ptcri_ovh0.20.ovhe0.50.z0.01756.y0.26618.LOW
opening isotrack/mesa/MESA_KS_DB/ptcri_ovh0.20.ovhe0.50.z0.01756.y0.26618.HB
opening isotrack/mesa/MESA_KS_DB/ptcri_ovh0.20.ovhe0.50.z0.01756.y0.26618.INT
0.031230 0.279940 0.250000
opening isotrack/mesa/MESA_KS_DB/ptcri_ovh0.20.ovhe0.50.z0.03123.y0.27994.LOW
opening isotrack/mesa/MESA_KS_DB/ptcri_ovh0.20.ovhe0.50.z0.03123.y0.27994.HB
opening isotrack/mesa/MESA_KS_DB/ptcri_ovh0.20.ovhe0.50.z0.03123.y0.27994.INT
0.055530 0.304410 0.500000
opening isotrack/mesa/MESA_KS_DB/ptcri_ovh0.20.ovhe0.50.z0.05553.y0.30441.LOW
opening isotrack/mesa/MESA_KS_DB/ptcri_ovh0.20.ovhe0.50.z0.05553.y0.30441.HB
opening isotrack/mesa/MESA_KS_DB/ptcri_ovh0.20.ovhe0.50.z0.05553.y0.30441.INT

 Leggendo file IMF : tab_imf/imf_chabrier_lognormal.dat
opening tab_imf/imf_chabrier_lognormal.dat

 IMF total mass = 1.0000
 IMF stars per mass = 3.3364
 Solar composition: Z = 0.0176, Y = 0.2662 

 ***************** 
 ***** cmd.c ***** 
 ***************** 
0 -> Calcoli preparattori ?
1 -> Scrive isocrona singola ?
2 -> Scrive sequenza isocrone in eta' ?
3 -> Scrive sequenza isocrone in metalicita' ?
4 -> Calcola colori integrati per isocrona singola ?
5 -> Calcola colori integrati per sequenza di eta' ?
6 -> Calcola colori integrati per sequenza di metalicita' ?
7 -> Scrive funzione di luminosita' ?
8 -> Scrive funzione di magnitudine ?
9 -> Scrive funzione di magnitudine per popolazione composta ?
10 -> Scrive mapa di magnitudine per popolazione composta ?
11 -> Scrive relazione massa-iniziale X finale ?
12 -> Grafica isocrona singola ?
13 -> Grafica sequenza di isocrone in eta' ?
14 -> Grafica sequenza di isocrone in metalicita' ?
15 -> Grafica traccia singola ?
16 -> Grafica sequenza di tracce in massa ?
17 -> Grafica sequenza di tracce in metalicita' ?
18 -> Altri: calcola delta(V-I) per isocrona singola ?
19 -> Altri: calcola delta(B-V) per isocrona singola ?
20 -> Altri: calcola delta(V) per isocrone ?
21 -> Altri: calcola delta(HB-RGB) per isocrone ?
22 -> Altri: da i colori per un file di punti logL x logTeff ?
23 -> Altri: calcola spettro integrato per isocrona ?
24 -> Altri: calcola indici integrati per isocrona ?
25 -> Altri: magnitu integrate tra limiti per sequenza di eta ?
26 -> Altri: magnitu media dell'hb ?
27 -> Altri: magnitu mediana dell'hb ?
28 -> Simula ammasso con certa massa o magn limite ?
29 -> Altri: estima mass partindo da observaveis Mv, B-V, [Fe/H] ?
30 -> Altri: estima mass partindo da observaveis Mv, Teff, [Fe/H] ?
31 -> Altri: estima distancia a partir de mv, Teff, [Fe/H] ?
32 -> Altri: estima distancia a partir de Deltanu, numax, Teff ?
33 -> Prints a single interpolated track ?
34 -> Dumps all tracks to file alltracks.dat ?
35 -> Prints integrated Q(H) and Q(He) ?

32 -> Altri: estima distancia a partir de Deltanu, numax, Teff :

Function 32: Estimating distances/extinctions from (Dnu,nu_max,T_eff,[M/H]).
Tuesday, 11/04/2017

Photometric system: combination of AB and VEGA. No correction need to be done.

Reading param.conf...
 BAYESIAN METHOD
 Using: Teff numax
 Will print PDFs...
 Will print JPDFs...
 Will print input PDFs...
 Maximum error in apparent magnitudes to compute distances/extinctions = 0.10 mag

	 Inputfile = 
	 Median outputfile  = 
	 Mode outputfile  = 
	 Median input_PDF outputfile  = 
	 Mode input_PDF outputfile  = 
	 Min, maximum searched age(yr) = 
 Using luminosity: L/Ls=482.555+-68.093, log(L/Ls)=2.684+-0.061

Aldeb1 -99.900000 -99.900000 2.230000 0.100000 -99.900002 -99.900002  1 0.170000 0.100000 3900.000000 50.000000 1.300000 0.200000   180.971900 -20.248300 -99.900002 -99.900002  -99.900002 -99.900002  -99.900002 -99.900002  -99.900002 -99.900002  -99.900002 -99.900002  -99.900002 -99.900002  -99.900002 -99.900002  -99.900002 -99.900002  -99.900002 -99.900002  -99.900002 -99.900002  -99.900002 -99.900002  -99.900002 -99.900002  -99.900002 -99.900002 0.000000 0.000000482.554556 68.093465 	-99.9	-99.9	-99.9	-99.9	-99.9	-99.9	-99.9	-99.9

FITTING EXTINCTION
NULL magnitudes: Kepler g r i z DDO51_finf J H Ks W1 W2 W3 W4 

Aldeb1
 logage median = 9.56, CI(68%): 9.37 - 9.76, CI(95%): 9.21 - 9.94
 logage  mode = 9.56, CI(68%): 9.38 - 9.76, CI(95%): 9.20 - 9.94
 age median = 3.64 Gyr, CI(68%): 2.34 - 5.71, CI(95%): 1.61 - 8.80
 age mode = 3.60 Gyr, CI(68%): 2.37 - 5.78, CI(95%): 1.60 - 8.76
 logm median = 0.15, CI(68%): 0.09 - 0.20, CI(95%): 0.03 - 0.26
 logm  mode = 0.15, CI(68%): 0.09 - 0.21, CI(95%): 0.03 - 0.26
 m median = 1.40 Ms, CI(68%): 1.22 - 1.60, CI(95%): 1.07 - 1.80
 m mode = 1.41 Ms, CI(68%): 1.23 - 1.61, CI(95%): 1.08 - 1.81
 logg median = 1.20, CI(68%): 1.18 - 1.22, CI(95%): 1.16 - 1.23
 logg mode = 1.20, CI(68%): 1.18 - 1.22, CI(95%): 1.16 - 1.24
 logr median = 1.68, CI(68%): 1.66 - 1.71, CI(95%): 1.63 - 1.74
 logr  mode = 1.69, CI(68%): 1.66 - 1.72, CI(95%): 1.63 - 1.74
 r median = 48.40 Rs, CI(68%): 45.30 - 51.68, CI(95%): 42.54 - 54.91
 r mode = 48.83 Rs, CI(68%): 45.79 - 52.23, CI(95%): 43.05 - 55.55
 logrho median = -4.93, CI(68%): -4.96 - -4.89, CI(95%): -4.99 - -4.86
 logrho mode = -4.93, CI(68%): -4.96 - -4.89, CI(95%): -4.99 - -4.86
 mbol median = -1.96, CI(68%): -2.11 - -1.82, CI(95%): -2.25 - -1.68
 mbol mode = -1.94, CI(68%): -2.09 - -1.80, CI(95%): -2.23 - -1.66
 Kepler median = -1.34, CI(68%): -1.50 - -1.17, CI(95%): -1.65 - -1.02
 Kepler mode = -1.32, CI(68%): -1.47 - -1.15, CI(95%): -1.63 - -1.00
 g median = 0.08, CI(68%): -0.10 - 0.27, CI(95%): -0.27 - 0.45
 g mode = 0.11, CI(68%): -0.08 - 0.29, CI(95%): -0.25 - 0.47
 r median = -1.31, CI(68%): -1.48 - -1.13, CI(95%): -1.64 - -0.96
 r mode = -1.29, CI(68%): -1.45 - -1.11, CI(95%): -1.62 - -0.95
 i median = -1.89, CI(68%): -2.04 - -1.73, CI(95%): -2.19 - -1.59
 i mode = -1.87, CI(68%): -2.03 - -1.72, CI(95%): -2.17 - -1.57
 z median = -2.26, CI(68%): -2.41 - -2.11, CI(95%): -2.55 - -1.97
 z mode = -2.25, CI(68%): -2.39 - -2.09, CI(95%): -2.53 - -1.95
 DDO51_finf median = -0.21, CI(68%): -0.39 - -0.03, CI(95%): -0.57 - 0.14
 DDO51_finf mode = -0.19, CI(68%): -0.37 - -0.01, CI(95%): -0.55 - 0.16
 J median = -3.64, CI(68%): -3.79 - -3.49, CI(95%): -3.92 - -3.35
 J mode = -3.62, CI(68%): -3.77 - -3.48, CI(95%): -3.90 - -3.33
 H median = -4.46, CI(68%): -4.60 - -4.32, CI(95%): -4.74 - -4.18
 H mode = -4.44, CI(68%): -4.59 - -4.31, CI(95%): -4.72 - -4.17
 Ks median = -4.64, CI(68%): -4.78 - -4.49, CI(95%): -4.91 - -4.36
 Ks mode = -4.62, CI(68%): -4.76 - -4.47, CI(95%): -4.89 - -4.34
 W1 median = -4.70, CI(68%): -4.84 - -4.55, CI(95%): -4.97 - -4.41
 W1 mode = -4.68, CI(68%): -4.82 - -4.53, CI(95%): -4.95 - -4.39
 W2 median = -4.55, CI(68%): -4.70 - -4.41, CI(95%): -4.83 - -4.27
 W2 mode = -4.54, CI(68%): -4.68 - -4.39, CI(95%): -4.81 - -4.26
 W3 median = -4.70, CI(68%): -4.84 - -4.56, CI(95%): -4.98 - -4.42
 W3 mode = -4.68, CI(68%): -4.83 - -4.54, CI(95%): -4.97 - -4.41
 W4 median = -4.76, CI(68%): -4.90 - -4.61, CI(95%): -5.03 - -4.47
 W4 mode = -4.74, CI(68%): -4.88 - -4.59, CI(95%): -5.01 - -4.45
 Av median = -99.90, CI(68%): -99.90 - -99.90, CI(95%): -99.90 - -99.90
 Av mode = -99.90, CI(68%): -99.90 - -99.90, CI(95%): -99.90 - -99.90
 mu0 median = -99.90, CI(68%): -99.90 - -99.90, CI(95%): -99.90 - -99.90
 mu0 mode = -99.90, CI(68%): -99.90 - -99.90, CI(95%): -99.90 - -99.90
 dist median = -99.90 pc, CI(68%): -99.90 - -99.90, CI(95%): -99.90 - -99.90
 dist mode = -99.90 pc, CI(68%): -99.90 - -99.90, CI(95%): -99.90 - -99.90

 Mode JPDF(mu0,Av): -99.90, -99.90
 fil = 0: null
 
Time: 2.61 min

 Using luminosity: L/Ls=482.555+-68.093, log(L/Ls)=2.684+-0.061

Aldeb2 -99.900000 -99.900000 2.230000 0.100000 -99.900002 -99.900002  1 0.050000 0.100000 3900.000000 50.000000 1.300000 0.200000   180.971900 -20.248300 -99.900002 -99.900002  -99.900002 -99.900002  -99.900002 -99.900002  -99.900002 -99.900002  -99.900002 -99.900002  -99.900002 -99.900002  -99.900002 -99.900002  -99.900002 -99.900002  -99.900002 -99.900002  -99.900002 -99.900002  -99.900002 -99.900002  -99.900002 -99.900002  -99.900002 -99.900002 0.000000 0.000000482.554556 68.093465 	-99.9	-99.9	-99.9	-99.9	-99.9	-99.9	-99.9	-99.9

FITTING EXTINCTION
NULL magnitudes: Kepler g r i z DDO51_finf J H Ks W1 W2 W3 W4 

Aldeb2
 logage median = 9.62, CI(68%): 9.43 - 9.81, CI(95%): 9.25 - 10.00
 logage  mode = 9.63, CI(68%): 9.44 - 9.82, CI(95%): 9.26 - 10.00
 age median = 4.15 Gyr, CI(68%): 2.67 - 6.50, CI(95%): 1.78 - 9.92
 age mode = 4.27 Gyr, CI(68%): 2.74 - 6.68, CI(95%): 1.80 - 10.03
 logm median = 0.12, CI(68%): 0.06 - 0.18, CI(95%): 0.01 - 0.23
 logm  mode = 0.13, CI(68%): 0.07 - 0.18, CI(95%): 0.01 - 0.24
 m median = 1.32 Ms, CI(68%): 1.16 - 1.51, CI(95%): 1.02 - 1.72
 m mode = 1.33 Ms, CI(68%): 1.16 - 1.52, CI(95%): 1.03 - 1.72
 logg median = 1.20, CI(68%): 1.18 - 1.21, CI(95%): 1.16 - 1.23
 logg mode = 1.20, CI(68%): 1.18 - 1.22, CI(95%): 1.16 - 1.24
 logr median = 1.67, CI(68%): 1.65 - 1.70, CI(95%): 1.62 - 1.73
 logr  mode = 1.68, CI(68%): 1.65 - 1.71, CI(95%): 1.62 - 1.73
 r median = 47.20 Rs, CI(68%): 44.19 - 50.41, CI(95%): 41.57 - 53.66
 r mode = 47.63 Rs, CI(68%): 44.55 - 50.82, CI(95%): 41.88 - 54.04
 logrho median = -4.92, CI(68%): -4.95 - -4.88, CI(95%): -4.99 - -4.85
 logrho mode = -4.92, CI(68%): -4.95 - -4.88, CI(95%): -4.99 - -4.85
 mbol median = -1.94, CI(68%): -2.09 - -1.79, CI(95%): -2.23 - -1.66
 mbol mode = -1.92, CI(68%): -2.06 - -1.77, CI(95%): -2.20 - -1.63
 Kepler median = -1.35, CI(68%): -1.51 - -1.19, CI(95%): -1.66 - -1.04
 Kepler mode = -1.33, CI(68%): -1.49 - -1.17, CI(95%): -1.63 - -1.01
 g median = 0.03, CI(68%): -0.15 - 0.21, CI(95%): -0.32 - 0.39
 g mode = 0.05, CI(68%): -0.13 - 0.23, CI(95%): -0.30 - 0.41
 r median = -1.34, CI(68%): -1.50 - -1.17, CI(95%): -1.66 - -1.01
 r mode = -1.32, CI(68%): -1.49 - -1.15, CI(95%): -1.64 - -0.99
 i median = -1.88, CI(68%): -2.04 - -1.73, CI(95%): -2.19 - -1.59
 i mode = -1.86, CI(68%): -2.02 - -1.71, CI(95%): -2.17 - -1.57
 z median = -2.24, CI(68%): -2.39 - -2.09, CI(95%): -2.53 - -1.95
 z mode = -2.22, CI(68%): -2.37 - -2.07, CI(95%): -2.51 - -1.93
 DDO51_finf median = -0.26, CI(68%): -0.44 - -0.08, CI(95%): -0.62 - 0.09
 DDO51_finf mode = -0.24, CI(68%): -0.41 - -0.05, CI(95%): -0.59 - 0.12
 J median = -3.60, CI(68%): -3.75 - -3.46, CI(95%): -3.89 - -3.32
 J mode = -3.58, CI(68%): -3.73 - -3.44, CI(95%): -3.87 - -3.30
 H median = -4.42, CI(68%): -4.57 - -4.28, CI(95%): -4.70 - -4.15
 H mode = -4.40, CI(68%): -4.55 - -4.27, CI(95%): -4.68 - -4.13
 Ks median = -4.59, CI(68%): -4.74 - -4.45, CI(95%): -4.87 - -4.32
 Ks mode = -4.57, CI(68%): -4.72 - -4.43, CI(95%): -4.85 - -4.30
 W1 median = -4.65, CI(68%): -4.80 - -4.51, CI(95%): -4.93 - -4.37
 W1 mode = -4.62, CI(68%): -4.78 - -4.49, CI(95%): -4.91 - -4.35
 W2 median = -4.51, CI(68%): -4.65 - -4.37, CI(95%): -4.79 - -4.24
 W2 mode = -4.49, CI(68%): -4.64 - -4.35, CI(95%): -4.77 - -4.22
 W3 median = -4.66, CI(68%): -4.80 - -4.52, CI(95%): -4.94 - -4.38
 W3 mode = -4.64, CI(68%): -4.78 - -4.49, CI(95%): -4.91 - -4.36
 W4 median = -4.71, CI(68%): -4.86 - -4.57, CI(95%): -4.99 - -4.44
 W4 mode = -4.70, CI(68%): -4.84 - -4.55, CI(95%): -4.97 - -4.41
 Av median = -99.90, CI(68%): -99.90 - -99.90, CI(95%): -99.90 - -99.90
 Av mode = -99.90, CI(68%): -99.90 - -99.90, CI(95%): -99.90 - -99.90
 mu0 median = -99.90, CI(68%): -99.90 - -99.90, CI(95%): -99.90 - -99.90
 mu0 mode = -99.90, CI(68%): -99.90 - -99.90, CI(95%): -99.90 - -99.90
 dist median = -99.90 pc, CI(68%): -99.90 - -99.90, CI(95%): -99.90 - -99.90
 dist mode = -99.90 pc, CI(68%): -99.90 - -99.90, CI(95%): -99.90 - -99.90

 Mode JPDF(mu0,Av): -99.90, -99.90
 fil = 0: null
 
Time: 5.25 min

 Using luminosity: L/Ls=507.491+-71.612, log(L/Ls)=2.705+-0.061

Aldeb3 -99.900000 -99.900000 2.230000 0.100000 -99.900002 -99.900002  1 -0.040000 0.100000 3870.000000 50.000000 1.660000 0.200000   180.971900 -20.248300 -99.900002 -99.900002  -99.900002 -99.900002  -99.900002 -99.900002  -99.900002 -99.900002  -99.900002 -99.900002  -99.900002 -99.900002  -99.900002 -99.900002  -99.900002 -99.900002  -99.900002 -99.900002  -99.900002 -99.900002  -99.900002 -99.900002  -99.900002 -99.900002  -99.900002 -99.900002 0.000000 0.000000507.490671 71.612210 	-99.9	-99.9	-99.9	-99.9	-99.9	-99.9	-99.9	-99.9

FITTING EXTINCTION
NULL magnitudes: Kepler g r i z DDO51_finf J H Ks W1 W2 W3 W4 

Aldeb3
 logage median = 9.61, CI(68%): 9.42 - 9.80, CI(95%): 9.25 - 9.99
 logage  mode = 9.63, CI(68%): 9.43 - 9.81, CI(95%): 9.25 - 10.00
 age median = 4.09 Gyr, CI(68%): 2.64 - 6.38, CI(95%): 1.77 - 9.78
 age mode = 4.26 Gyr, CI(68%): 2.70 - 6.53, CI(95%): 1.79 - 9.89
 logm median = 0.12, CI(68%): 0.06 - 0.18, CI(95%): 0.01 - 0.23
 logm  mode = 0.13, CI(68%): 0.06 - 0.18, CI(95%): 0.01 - 0.24
 m median = 1.32 Ms, CI(68%): 1.16 - 1.51, CI(95%): 1.02 - 1.71
 m mode = 1.33 Ms, CI(68%): 1.16 - 1.51, CI(95%): 1.03 - 1.72
 logg median = 1.19, CI(68%): 1.17 - 1.21, CI(95%): 1.15 - 1.23
 logg mode = 1.20, CI(68%): 1.18 - 1.22, CI(95%): 1.16 - 1.23
 logr median = 1.68, CI(68%): 1.65 - 1.70, CI(95%): 1.62 - 1.73
 logr  mode = 1.68, CI(68%): 1.65 - 1.71, CI(95%): 1.62 - 1.73
 r median = 47.40 Rs, CI(68%): 44.39 - 50.62, CI(95%): 41.74 - 53.85
 r mode = 47.73 Rs, CI(68%): 44.67 - 50.93, CI(95%): 42.03 - 54.20
 logrho median = -4.92, CI(68%): -4.96 - -4.89, CI(95%): -4.99 - -4.85
 logrho mode = -4.92, CI(68%): -4.96 - -4.89, CI(95%): -4.99 - -4.86
 mbol median = -1.96, CI(68%): -2.10 - -1.81, CI(95%): -2.24 - -1.68
 mbol mode = -1.93, CI(68%): -2.08 - -1.79, CI(95%): -2.22 - -1.65
 Kepler median = -1.38, CI(68%): -1.54 - -1.22, CI(95%): -1.69 - -1.07
 Kepler mode = -1.36, CI(68%): -1.51 - -1.19, CI(95%): -1.67 - -1.05
 g median = -0.01, CI(68%): -0.19 - 0.17, CI(95%): -0.36 - 0.34
 g mode = 0.01, CI(68%): -0.17 - 0.19, CI(95%): -0.34 - 0.37
 r median = -1.37, CI(68%): -1.54 - -1.20, CI(95%): -1.70 - -1.04
 r mode = -1.34, CI(68%): -1.51 - -1.18, CI(95%): -1.67 - -1.02
 i median = -1.91, CI(68%): -2.06 - -1.76, CI(95%): -2.21 - -1.61
 i mode = -1.89, CI(68%): -2.04 - -1.73, CI(95%): -2.18 - -1.59
 z median = -2.26, CI(68%): -2.41 - -2.11, CI(95%): -2.55 - -1.97
 z mode = -2.24, CI(68%): -2.39 - -2.09, CI(95%): -2.52 - -1.95
 DDO51_finf median = -0.30, CI(68%): -0.48 - -0.12, CI(95%): -0.66 - 0.05
 DDO51_finf mode = -0.27, CI(68%): -0.45 - -0.09, CI(95%): -0.63 - 0.08
 J median = -3.62, CI(68%): -3.76 - -3.47, CI(95%): -3.90 - -3.34
 J mode = -3.59, CI(68%): -3.74 - -3.45, CI(95%): -3.88 - -3.31
 H median = -4.44, CI(68%): -4.58 - -4.30, CI(95%): -4.71 - -4.16
 H mode = -4.42, CI(68%): -4.55 - -4.27, CI(95%): -4.69 - -4.14
 Ks median = -4.61, CI(68%): -4.75 - -4.46, CI(95%): -4.88 - -4.33
 Ks mode = -4.59, CI(68%): -4.73 - -4.44, CI(95%): -4.86 - -4.31
 W1 median = -4.66, CI(68%): -4.81 - -4.52, CI(95%): -4.94 - -4.39
 W1 mode = -4.65, CI(68%): -4.79 - -4.50, CI(95%): -4.93 - -4.37
 W2 median = -4.53, CI(68%): -4.67 - -4.38, CI(95%): -4.80 - -4.25
 W2 mode = -4.50, CI(68%): -4.65 - -4.37, CI(95%): -4.78 - -4.23
 W3 median = -4.67, CI(68%): -4.81 - -4.53, CI(95%): -4.95 - -4.40
 W3 mode = -4.65, CI(68%): -4.80 - -4.51, CI(95%): -4.93 - -4.38
 W4 median = -4.73, CI(68%): -4.87 - -4.58, CI(95%): -5.01 - -4.45
 W4 mode = -4.70, CI(68%): -4.85 - -4.56, CI(95%): -4.98 - -4.43
 Av median = -99.90, CI(68%): -99.90 - -99.90, CI(95%): -99.90 - -99.90
 Av mode = -99.90, CI(68%): -99.90 - -99.90, CI(95%): -99.90 - -99.90
 mu0 median = -99.90, CI(68%): -99.90 - -99.90, CI(95%): -99.90 - -99.90
 mu0 mode = -99.90, CI(68%): -99.90 - -99.90, CI(95%): -99.90 - -99.90
 dist median = -99.90 pc, CI(68%): -99.90 - -99.90, CI(95%): -99.90 - -99.90
 dist mode = -99.90 pc, CI(68%): -99.90 - -99.90, CI(95%): -99.90 - -99.90

 Mode JPDF(mu0,Av): -99.90, -99.90
 fil = 0: null
 
Time: 7.76 min

 ***************** 
 ***** cmd.c ***** 
 ***************** 
0 -> Calcoli preparattori ?
1 -> Scrive isocrona singola ?
2 -> Scrive sequenza isocrone in eta' ?
3 -> Scrive sequenza isocrone in metalicita' ?
4 -> Calcola colori integrati per isocrona singola ?
5 -> Calcola colori integrati per sequenza di eta' ?
6 -> Calcola colori integrati per sequenza di metalicita' ?
7 -> Scrive funzione di luminosita' ?
8 -> Scrive funzione di magnitudine ?
9 -> Scrive funzione di magnitudine per popolazione composta ?
10 -> Scrive mapa di magnitudine per popolazione composta ?
11 -> Scrive relazione massa-iniziale X finale ?
12 -> Grafica isocrona singola ?
13 -> Grafica sequenza di isocrone in eta' ?
14 -> Grafica sequenza di isocrone in metalicita' ?
15 -> Grafica traccia singola ?
16 -> Grafica sequenza di tracce in massa ?
17 -> Grafica sequenza di tracce in metalicita' ?
18 -> Altri: calcola delta(V-I) per isocrona singola ?
19 -> Altri: calcola delta(B-V) per isocrona singola ?
20 -> Altri: calcola delta(V) per isocrone ?
21 -> Altri: calcola delta(HB-RGB) per isocrone ?
22 -> Altri: da i colori per un file di punti logL x logTeff ?
23 -> Altri: calcola spettro integrato per isocrona ?
24 -> Altri: calcola indici integrati per isocrona ?
25 -> Altri: magnitu integrate tra limiti per sequenza di eta ?
26 -> Altri: magnitu media dell'hb ?
27 -> Altri: magnitu mediana dell'hb ?
28 -> Simula ammasso con certa massa o magn limite ?
29 -> Altri: estima mass partindo da observaveis Mv, B-V, [Fe/H] ?
30 -> Altri: estima mass partindo da observaveis Mv, Teff, [Fe/H] ?
31 -> Altri: estima distancia a partir de mv, Teff, [Fe/H] ?
32 -> Altri: estima distancia a partir de Deltanu, numax, Teff ?
33 -> Prints a single interpolated track ?
34 -> Dumps all tracks to file alltracks.dat ?
35 -> Prints integrated Q(H) and Q(He) ?
Hasta la vista.


 Parameters inputfile = cmd_input_mesa.dat
opening cmd_input_mesa.dat
RGB mass loss is default Reimers with eta=0.0000
LPV periods as in Marigo et al. 2008

Default solar properties: 
Teff = 5780.960 K
Dnu = (135.100+-0.000) uHz; nu_max = (3140.000+-0.000) uHz

RGB mass loss changed to Reimers with eta=0.2000
Minimum mass for mass loss changed to 1.8000 Msun
Maximum mass for mass loss changed to 1.9000 Msun
LPV periods changed to Trabucchi
Teff_sun changed to (5776.0000+-0.0000) K
Dnu_sun changed to (136.100+-0.000) uHz

File tab_mag_odfnew/tab_mag_apokasc.datopening tab_mag_odfnew/tab_mag_apokasc.dat

 Reading 7 O-rich BC tables.
opening bc_odfnew/apokasc/bc_m25.dat
opening bc_odfnew/apokasc/bc_m20.dat
opening bc_odfnew/apokasc/bc_m15.dat
opening bc_odfnew/apokasc/bc_m10.dat
opening bc_odfnew/apokasc/bc_m05.dat
opening bc_odfnew/apokasc/bc_p00.dat
opening bc_odfnew/apokasc/bc_p05.dat
 Reading also 7 C-rich BC tables.
opening bc_odfnew/apokasc/bcc_m25.dat
opening bc_odfnew/apokasc/bcc_m20.dat
opening bc_odfnew/apokasc/bcc_m15.dat
opening bc_odfnew/apokasc/bcc_m10.dat
opening bc_odfnew/apokasc/bcc_m05.dat
opening bc_odfnew/apokasc/bcc_p00.dat
opening bc_odfnew/apokasc/bcc_p05.dat
opening isotrack/mesa/bassazams_fasulla.dat
opening isotrack/isotrack_fasullo.dat
opening isotrack/isotrack_fasullo.dat
opening isotrack/mesa/MESA_KS_DB.dat
0.001760 0.250270 -1.000000
opening isotrack/mesa/MESA_KS_DB/ptcri_ovh0.20.ovhe0.50.z0.00176.y0.25027.LOW
opening isotrack/mesa/MESA_KS_DB/ptcri_ovh0.20.ovhe0.50.z0.00176.y0.25027.HB
opening isotrack/mesa/MESA_KS_DB/ptcri_ovh0.20.ovhe0.50.z0.00176.y0.25027.INT
0.003120 0.251640 -0.750000
opening isotrack/mesa/MESA_KS_DB/ptcri_ovh0.20.ovhe0.50.z0.00312.y0.25164.LOW
opening isotrack/mesa/MESA_KS_DB/ptcri_ovh0.20.ovhe0.50.z0.00312.y0.25164.HB
opening isotrack/mesa/MESA_KS_DB/ptcri_ovh0.20.ovhe0.50.z0.00312.y0.25164.INT
0.005550 0.254090 -0.500000
opening isotrack/mesa/MESA_KS_DB/ptcri_ovh0.20.ovhe0.50.z0.00555.y0.25409.LOW
opening isotrack/mesa/MESA_KS_DB/ptcri_ovh0.20.ovhe0.50.z0.00555.y0.25409.HB
opening isotrack/mesa/MESA_KS_DB/ptcri_ovh0.20.ovhe0.50.z0.00555.y0.25409.INT
0.009870 0.258440 -0.250000
opening isotrack/mesa/MESA_KS_DB/ptcri_ovh0.20.ovhe0.50.z0.00987.y0.25844.LOW
opening isotrack/mesa/MESA_KS_DB/ptcri_ovh0.20.ovhe0.50.z0.00987.y0.25844.HB
opening isotrack/mesa/MESA_KS_DB/ptcri_ovh0.20.ovhe0.50.z0.00987.y0.25844.INT
0.017560 0.266180 0.000000
opening isotrack/mesa/MESA_KS_DB/ptcri_ovh0.20.ovhe0.50.z0.01756.y0.26618.LOW
opening isotrack/mesa/MESA_KS_DB/ptcri_ovh0.20.ovhe0.50.z0.01756.y0.26618.HB
opening isotrack/mesa/MESA_KS_DB/ptcri_ovh0.20.ovhe0.50.z0.01756.y0.26618.INT
0.031230 0.279940 0.250000
opening isotrack/mesa/MESA_KS_DB/ptcri_ovh0.20.ovhe0.50.z0.03123.y0.27994.LOW
opening isotrack/mesa/MESA_KS_DB/ptcri_ovh0.20.ovhe0.50.z0.03123.y0.27994.HB
opening isotrack/mesa/MESA_KS_DB/ptcri_ovh0.20.ovhe0.50.z0.03123.y0.27994.INT
0.055530 0.304410 0.500000
opening isotrack/mesa/MESA_KS_DB/ptcri_ovh0.20.ovhe0.50.z0.05553.y0.30441.LOW
opening isotrack/mesa/MESA_KS_DB/ptcri_ovh0.20.ovhe0.50.z0.05553.y0.30441.HB
opening isotrack/mesa/MESA_KS_DB/ptcri_ovh0.20.ovhe0.50.z0.05553.y0.30441.INT

 Leggendo file IMF : tab_imf/imf_chabrier_lognormal.dat
opening tab_imf/imf_chabrier_lognormal.dat

 IMF total mass = 1.0000
 IMF stars per mass = 3.3364
 Solar composition: Z = 0.0176, Y = 0.2662 

 ***************** 
 ***** cmd.c ***** 
 ***************** 
0 -> Calcoli preparattori ?
1 -> Scrive isocrona singola ?
2 -> Scrive sequenza isocrone in eta' ?
3 -> Scrive sequenza isocrone in metalicita' ?
4 -> Calcola colori integrati per isocrona singola ?
5 -> Calcola colori integrati per sequenza di eta' ?
6 -> Calcola colori integrati per sequenza di metalicita' ?
7 -> Scrive funzione di luminosita' ?
8 -> Scrive funzione di magnitudine ?
9 -> Scrive funzione di magnitudine per popolazione composta ?
10 -> Scrive mapa di magnitudine per popolazione composta ?
11 -> Scrive relazione massa-iniziale X finale ?
12 -> Grafica isocrona singola ?
13 -> Grafica sequenza di isocrone in eta' ?
14 -> Grafica sequenza di isocrone in metalicita' ?
15 -> Grafica traccia singola ?
16 -> Grafica sequenza di tracce in massa ?
17 -> Grafica sequenza di tracce in metalicita' ?
18 -> Altri: calcola delta(V-I) per isocrona singola ?
19 -> Altri: calcola delta(B-V) per isocrona singola ?
20 -> Altri: calcola delta(V) per isocrone ?
21 -> Altri: calcola delta(HB-RGB) per isocrone ?
22 -> Altri: da i colori per un file di punti logL x logTeff ?
23 -> Altri: calcola spettro integrato per isocrona ?
24 -> Altri: calcola indici integrati per isocrona ?
25 -> Altri: magnitu integrate tra limiti per sequenza di eta ?
26 -> Altri: magnitu media dell'hb ?
27 -> Altri: magnitu mediana dell'hb ?
28 -> Simula ammasso con certa massa o magn limite ?
29 -> Altri: estima mass partindo da observaveis Mv, B-V, [Fe/H] ?
30 -> Altri: estima mass partindo da observaveis Mv, Teff, [Fe/H] ?
31 -> Altri: estima distancia a partir de mv, Teff, [Fe/H] ?
32 -> Altri: estima distancia a partir de Deltanu, numax, Teff ?
33 -> Prints a single interpolated track ?
34 -> Dumps all tracks to file alltracks.dat ?
35 -> Prints integrated Q(H) and Q(He) ?

32 -> Altri: estima distancia a partir de Deltanu, numax, Teff :

Function 32: Estimating distances/extinctions from (Dnu,nu_max,T_eff,[M/H]).
Tuesday, 11/04/2017

Photometric system: combination of AB and VEGA. No correction need to be done.

Reading param.conf...
 BAYESIAN METHOD
 Using: Teff numax
 Will print PDFs...
 Will print JPDFs...
 Will print input PDFs...
 Maximum error in apparent magnitudes to compute distances/extinctions = 0.10 mag

	 Inputfile = 
	 Median outputfile  = 
	 Mode outputfile  = 
	 Median input_PDF outputfile  = 
	 Mode input_PDF outputfile  = 
	 Min, maximum searched age(yr) = 
 Using luminosity: L/Ls=455.738+-64.309, log(L/Ls)=2.659+-0.061

Aldeb4 -99.900000 -99.900000 2.230000 0.100000 -99.900002 -99.900002  1 -0.340000 0.100000 3936.000000 50.000000 1.000000 0.200000   180.971900 -20.248300 -99.900002 -99.900002  -99.900002 -99.900002  -99.900002 -99.900002  -99.900002 -99.900002  -99.900002 -99.900002  -99.900002 -99.900002  -99.900002 -99.900002  -99.900002 -99.900002  -99.900002 -99.900002  -99.900002 -99.900002  -99.900002 -99.900002  -99.900002 -99.900002  -99.900002 -99.900002 0.000000 0.000000455.737703 64.309328 	-99.9	-99.9	-99.9	-99.9	-99.9	-99.9	-99.9	-99.9

FITTING EXTINCTION
NULL magnitudes: Kepler g r i z DDO51_finf J H Ks W1 W2 W3 W4 

Aldeb4
 logage median = 9.84, CI(68%): 9.65 - 10.01, CI(95%): 9.48 - 10.11
 logage  mode = 9.85, CI(68%): 9.69 - 10.05, CI(95%): 9.54 - 10.14
 age median = 6.93 Gyr, CI(68%): 4.51 - 10.35, CI(95%): 2.99 - 12.93
 age mode = 7.04 Gyr, CI(68%): 4.95 - 11.28, CI(95%): 3.50 - 13.96
 logm median = 0.03, CI(68%): -0.02 - 0.09, CI(95%): -0.05 - 0.14
 logm  mode = 0.02, CI(68%): -0.03 - 0.07, CI(95%): -0.05 - 0.13
 m median = 1.07 Ms, CI(68%): 0.96 - 1.22, CI(95%): 0.90 - 1.39
 m mode = 1.04 Ms, CI(68%): 0.93 - 1.18, CI(95%): 0.89 - 1.35
 logg median = 1.19, CI(68%): 1.17 - 1.21, CI(95%): 1.15 - 1.23
 logg mode = 1.20, CI(68%): 1.18 - 1.22, CI(95%): 1.16 - 1.24
 logr median = 1.63, CI(68%): 1.60 - 1.66, CI(95%): 1.59 - 1.68
 logr  mode = 1.63, CI(68%): 1.61 - 1.66, CI(95%): 1.59 - 1.69
 r median = 42.58 Rs, CI(68%): 40.26 - 45.38, CI(95%): 38.69 - 48.33
 r mode = 42.50 Rs, CI(68%): 40.36 - 45.42, CI(95%): 38.90 - 48.47
 logrho median = -4.88, CI(68%): -4.91 - -4.84, CI(95%): -4.95 - -4.81
 logrho mode = -4.87, CI(68%): -4.91 - -4.84, CI(95%): -4.94 - -4.81
 mbol median = -1.83, CI(68%): -1.97 - -1.71, CI(95%): -2.11 - -1.63
 mbol mode = -1.79, CI(68%): -1.93 - -1.67, CI(95%): -2.07 - -1.59
 Kepler median = -1.36, CI(68%): -1.51 - -1.23, CI(95%): -1.65 - -1.13
 Kepler mode = -1.32, CI(68%): -1.47 - -1.19, CI(95%): -1.61 - -1.09
 g median = -0.11, CI(68%): -0.28 - 0.04, CI(95%): -0.44 - 0.16
 g mode = -0.08, CI(68%): -0.24 - 0.07, CI(95%): -0.41 - 0.19
 r median = -1.38, CI(68%): -1.53 - -1.25, CI(95%): -1.68 - -1.15
 r mode = -1.34, CI(68%): -1.49 - -1.21, CI(95%): -1.64 - -1.11
 i median = -1.84, CI(68%): -1.99 - -1.71, CI(95%): -2.13 - -1.63
 i mode = -1.80, CI(68%): -1.94 - -1.67, CI(95%): -2.09 - -1.59
 z median = -2.14, CI(68%): -2.28 - -2.01, CI(95%): -2.42 - -1.93
 z mode = -2.11, CI(68%): -2.23 - -1.97, CI(95%): -2.38 - -1.89
 DDO51_finf median = -0.42, CI(68%): -0.58 - -0.26, CI(95%): -0.75 - -0.13
 DDO51_finf mode = -0.39, CI(68%): -0.55 - -0.23, CI(95%): -0.71 - -0.09
 J median = -3.46, CI(68%): -3.60 - -3.33, CI(95%): -3.74 - -3.25
 J mode = -3.41, CI(68%): -3.55 - -3.29, CI(95%): -3.69 - -3.21
 H median = -4.26, CI(68%): -4.40 - -4.14, CI(95%): -4.53 - -4.06
 H mode = -4.22, CI(68%): -4.35 - -4.10, CI(95%): -4.49 - -4.02
 Ks median = -4.41, CI(68%): -4.55 - -4.29, CI(95%): -4.68 - -4.20
 Ks mode = -4.37, CI(68%): -4.51 - -4.25, CI(95%): -4.64 - -4.17
 W1 median = -4.46, CI(68%): -4.60 - -4.34, CI(95%): -4.74 - -4.26
 W1 mode = -4.42, CI(68%): -4.55 - -4.29, CI(95%): -4.71 - -4.23
 W2 median = -4.34, CI(68%): -4.48 - -4.22, CI(95%): -4.61 - -4.14
 W2 mode = -4.30, CI(68%): -4.43 - -4.18, CI(95%): -4.57 - -4.10
 W3 median = -4.48, CI(68%): -4.62 - -4.36, CI(95%): -4.76 - -4.28
 W3 mode = -4.44, CI(68%): -4.57 - -4.31, CI(95%): -4.72 - -4.25
 W4 median = -4.53, CI(68%): -4.67 - -4.41, CI(95%): -4.80 - -4.32
 W4 mode = -4.49, CI(68%): -4.63 - -4.37, CI(95%): -4.76 - -4.29
 Av median = -99.90, CI(68%): -99.90 - -99.90, CI(95%): -99.90 - -99.90
 Av mode = -99.90, CI(68%): -99.90 - -99.90, CI(95%): -99.90 - -99.90
 mu0 median = -99.90, CI(68%): -99.90 - -99.90, CI(95%): -99.90 - -99.90
 mu0 mode = -99.90, CI(68%): -99.90 - -99.90, CI(95%): -99.90 - -99.90
 dist median = -99.90 pc, CI(68%): -99.90 - -99.90, CI(95%): -99.90 - -99.90
 dist mode = -99.90 pc, CI(68%): -99.90 - -99.90, CI(95%): -99.90 - -99.90

 Mode JPDF(mu0,Av): -99.90, -99.90
 fil = 0: null
 
Time: 2.47 min

 Using luminosity: L/Ls=525.590+-74.166, log(L/Ls)=2.721+-0.061

Aldeb5 -99.900000 -99.900000 2.230000 0.100000 -99.900002 -99.900002  1 -0.100000 0.100000 3850.000000 50.000000 0.550000 0.200000   180.971900 -20.248300 -99.900002 -99.900002  -99.900002 -99.900002  -99.900002 -99.900002  -99.900002 -99.900002  -99.900002 -99.900002  -99.900002 -99.900002  -99.900002 -99.900002  -99.900002 -99.900002  -99.900002 -99.900002  -99.900002 -99.900002  -99.900002 -99.900002  -99.900002 -99.900002  -99.900002 -99.900002 0.000000 0.000000525.590354 74.166264 	-99.9	-99.9	-99.9	-99.9	-99.9	-99.9	-99.9	-99.9

FITTING EXTINCTION
NULL magnitudes: Kepler g r i z DDO51_finf J H Ks W1 W2 W3 W4 

Aldeb5
 logage median = 9.60, CI(68%): 9.42 - 9.80, CI(95%): 9.24 - 9.98
 logage  mode = 9.63, CI(68%): 9.43 - 9.81, CI(95%): 9.24 - 9.98
 age median = 4.02 Gyr, CI(68%): 2.60 - 6.28, CI(95%): 1.75 - 9.64
 age mode = 4.25 Gyr, CI(68%): 2.66 - 6.41, CI(95%): 1.76 - 9.66
 logm median = 0.12, CI(68%): 0.06 - 0.18, CI(95%): 0.01 - 0.23
 logm  mode = 0.12, CI(68%): 0.07 - 0.18, CI(95%): 0.01 - 0.24
 m median = 1.32 Ms, CI(68%): 1.16 - 1.51, CI(95%): 1.02 - 1.71
 m mode = 1.33 Ms, CI(68%): 1.16 - 1.52, CI(95%): 1.03 - 1.72
 logg median = 1.19, CI(68%): 1.17 - 1.21, CI(95%): 1.15 - 1.23
 logg mode = 1.19, CI(68%): 1.17 - 1.21, CI(95%): 1.15 - 1.23
 logr median = 1.68, CI(68%): 1.65 - 1.71, CI(95%): 1.62 - 1.73
 logr  mode = 1.68, CI(68%): 1.65 - 1.71, CI(95%): 1.63 - 1.74
 r median = 47.57 Rs, CI(68%): 44.56 - 50.77, CI(95%): 41.89 - 54.00
 r mode = 47.92 Rs, CI(68%): 45.01 - 51.28, CI(95%): 42.27 - 54.47
 logrho median = -4.93, CI(68%): -4.96 - -4.89, CI(95%): -4.99 - -4.86
 logrho mode = -4.92, CI(68%): -4.96 - -4.89, CI(95%): -4.99 - -4.86
 mbol median = -1.97, CI(68%): -2.12 - -1.83, CI(95%): -2.26 - -1.69
 mbol mode = -1.95, CI(68%): -2.10 - -1.81, CI(95%): -2.24 - -1.67
 Kepler median = -1.40, CI(68%): -1.56 - -1.24, CI(95%): -1.71 - -1.09
 Kepler mode = -1.38, CI(68%): -1.55 - -1.23, CI(95%): -1.69 - -1.07
 g median = -0.04, CI(68%): -0.22 - 0.14, CI(95%): -0.39 - 0.31
 g mode = -0.03, CI(68%): -0.19 - 0.17, CI(95%): -0.37 - 0.33
 r median = -1.39, CI(68%): -1.56 - -1.23, CI(95%): -1.72 - -1.07
 r mode = -1.37, CI(68%): -1.54 - -1.21, CI(95%): -1.69 - -1.05
 i median = -1.93, CI(68%): -2.08 - -1.77, CI(95%): -2.23 - -1.63
 i mode = -1.90, CI(68%): -2.06 - -1.75, CI(95%): -2.20 - -1.61
 z median = -2.27, CI(68%): -2.42 - -2.13, CI(95%): -2.56 - -1.99
 z mode = -2.25, CI(68%): -2.41 - -2.11, CI(95%): -2.54 - -1.97
 DDO51_finf median = -0.33, CI(68%): -0.51 - -0.15, CI(95%): -0.68 - 0.03
 DDO51_finf mode = -0.31, CI(68%): -0.49 - -0.13, CI(95%): -0.66 - 0.05
 J median = -3.63, CI(68%): -3.77 - -3.48, CI(95%): -3.91 - -3.35
 J mode = -3.61, CI(68%): -3.75 - -3.46, CI(95%): -3.89 - -3.33
 H median = -4.45, CI(68%): -4.59 - -4.31, CI(95%): -4.72 - -4.17
 H mode = -4.43, CI(68%): -4.57 - -4.29, CI(95%): -4.70 - -4.15
 Ks median = -4.62, CI(68%): -4.76 - -4.47, CI(95%): -4.89 - -4.34
 Ks mode = -4.59, CI(68%): -4.73 - -4.45, CI(95%): -4.87 - -4.32
 W1 median = -4.67, CI(68%): -4.82 - -4.53, CI(95%): -4.95 - -4.39
 W1 mode = -4.66, CI(68%): -4.80 - -4.51, CI(95%): -4.93 - -4.37
 W2 median = -4.54, CI(68%): -4.68 - -4.39, CI(95%): -4.81 - -4.26
 W2 mode = -4.51, CI(68%): -4.65 - -4.37, CI(95%): -4.79 - -4.24
 W3 median = -4.68, CI(68%): -4.82 - -4.54, CI(95%): -4.96 - -4.41
 W3 mode = -4.66, CI(68%): -4.81 - -4.53, CI(95%): -4.94 - -4.39
 W4 median = -4.74, CI(68%): -4.88 - -4.59, CI(95%): -5.01 - -4.46
 W4 mode = -4.70, CI(68%): -4.85 - -4.57, CI(95%): -4.99 - -4.44
 Av median = -99.90, CI(68%): -99.90 - -99.90, CI(95%): -99.90 - -99.90
 Av mode = -99.90, CI(68%): -99.90 - -99.90, CI(95%): -99.90 - -99.90
 mu0 median = -99.90, CI(68%): -99.90 - -99.90, CI(95%): -99.90 - -99.90
 mu0 mode = -99.90, CI(68%): -99.90 - -99.90, CI(95%): -99.90 - -99.90
 dist median = -99.90 pc, CI(68%): -99.90 - -99.90, CI(95%): -99.90 - -99.90
 dist mode = -99.90 pc, CI(68%): -99.90 - -99.90, CI(95%): -99.90 - -99.90

 Mode JPDF(mu0,Av): -99.90, -99.90
 fil = 0: null
 
Time: 5.00 min

 ***************** 
 ***** cmd.c ***** 
 ***************** 
0 -> Calcoli preparattori ?
1 -> Scrive isocrona singola ?
2 -> Scrive sequenza isocrone in eta' ?
3 -> Scrive sequenza isocrone in metalicita' ?
4 -> Calcola colori integrati per isocrona singola ?
5 -> Calcola colori integrati per sequenza di eta' ?
6 -> Calcola colori integrati per sequenza di metalicita' ?
7 -> Scrive funzione di luminosita' ?
8 -> Scrive funzione di magnitudine ?
9 -> Scrive funzione di magnitudine per popolazione composta ?
10 -> Scrive mapa di magnitudine per popolazione composta ?
11 -> Scrive relazione massa-iniziale X finale ?
12 -> Grafica isocrona singola ?
13 -> Grafica sequenza di isocrone in eta' ?
14 -> Grafica sequenza di isocrone in metalicita' ?
15 -> Grafica traccia singola ?
16 -> Grafica sequenza di tracce in massa ?
17 -> Grafica sequenza di tracce in metalicita' ?
18 -> Altri: calcola delta(V-I) per isocrona singola ?
19 -> Altri: calcola delta(B-V) per isocrona singola ?
20 -> Altri: calcola delta(V) per isocrone ?
21 -> Altri: calcola delta(HB-RGB) per isocrone ?
22 -> Altri: da i colori per un file di punti logL x logTeff ?
23 -> Altri: calcola spettro integrato per isocrona ?
24 -> Altri: calcola indici integrati per isocrona ?
25 -> Altri: magnitu integrate tra limiti per sequenza di eta ?
26 -> Altri: magnitu media dell'hb ?
27 -> Altri: magnitu mediana dell'hb ?
28 -> Simula ammasso con certa massa o magn limite ?
29 -> Altri: estima mass partindo da observaveis Mv, B-V, [Fe/H] ?
30 -> Altri: estima mass partindo da observaveis Mv, Teff, [Fe/H] ?
31 -> Altri: estima distancia a partir de mv, Teff, [Fe/H] ?
32 -> Altri: estima distancia a partir de Deltanu, numax, Teff ?
33 -> Prints a single interpolated track ?
34 -> Dumps all tracks to file alltracks.dat ?
35 -> Prints integrated Q(H) and Q(He) ?
Hasta la vista.

